#
# There is insufficient memory for the Java Runtime Environment to continue.
# Native memory allocation (mmap) failed to map 136314880 bytes for G1 virtual space
# Possible reasons:
#   The system is out of physical RAM or swap space
#   The process is running with CompressedOops enabled, and the Java Heap may be blocking the growth of the native heap
# Possible solutions:
#   Reduce memory load on the system
#   Increase physical memory or swap space
#   Check if swap backing store is full
#   Decrease Java heap size (-Xmx/-Xms)
#   Decrease number of Java threads
#   Decrease Java thread stack sizes (-Xss)
#   Set larger code cache with -XX:ReservedCodeCacheSize=
#   JVM is running with Zero Based Compressed Oops mode in which the Java heap is
#     placed in the first 32GB address space. The Java Heap base address is the
#     maximum limit for the native heap growth. Please use -XX:HeapBaseMinAddress
#     to set the Java Heap base and to place the Java Heap above 32GB virtual address.
# This output file may be truncated or incomplete.
#
#  Out of Memory Error (os_windows.cpp:3528), pid=17244, tid=5720
#
# JRE version: Java(TM) SE Runtime Environment (20.0.1+9) (build 20.0.1+9-29)
# Java VM: Java HotSpot(TM) 64-Bit Server VM (20.0.1+9-29, mixed mode, emulated-client, sharing, tiered, compressed oops, compressed class ptrs, g1 gc, windows-amd64)
# No core dump will be written. Minidumps are not enabled by default on client versions of Windows
#

---------------  S U M M A R Y ------------

Command Line: -XX:TieredStopAtLevel=1 com.innovaedu.InnovaeduApiApplication

Host: AMD Ryzen 7 5700U with Radeon Graphics         , 16 cores, 13G,  Windows 11 , 64 bit Build 26100 (10.0.26100.6725)
Time: Sun Nov 23 14:27:44 2025 Hora estándar del Este (México) elapsed time: 635.323512 seconds (0d 0h 10m 35s)

---------------  T H R E A D  ---------------

Current thread (0x00000272d2227380):  VMThread "VM Thread" [stack: 0x000000bd71f00000,0x000000bd72000000] [id=5720]

Stack: [0x000000bd71f00000,0x000000bd72000000]
Native frames: (J=compiled Java code, j=interpreted, Vv=VM code, C=native code)
V  [jvm.dll+0x6bb95a]
V  [jvm.dll+0x8485fa]
V  [jvm.dll+0x84a1f5]
V  [jvm.dll+0x84a8f3]
V  [jvm.dll+0x280b0f]
V  [jvm.dll+0x6b86e9]
V  [jvm.dll+0x6ad2da]
V  [jvm.dll+0x35adf5]
V  [jvm.dll+0x363016]
V  [jvm.dll+0x3b3b3e]
V  [jvm.dll+0x3b3dc5]
V  [jvm.dll+0x32b50a]
V  [jvm.dll+0x32b5b7]
V  [jvm.dll+0x373942]
V  [jvm.dll+0x372140]
V  [jvm.dll+0x32ac51]
V  [jvm.dll+0x371836]
V  [jvm.dll+0x85023e]
V  [jvm.dll+0x851351]
V  [jvm.dll+0x851859]
V  [jvm.dll+0x851ad3]
V  [jvm.dll+0x7f4b56]
V  [jvm.dll+0x6ba5cb]
C  [ucrtbase.dll+0x37b0]
C  [KERNEL32.DLL+0x2e8d7]
C  [ntdll.dll+0x8c53c]

VM_Operation (0x000000bd74afcf30): G1CollectForAllocation, mode: safepoint, requested by thread 0x00000272d9457590


---------------  P R O C E S S  ---------------

Threads class SMR info:
_java_thread_list=0x00000272d9e3a0a0, length=45, elements={
0x00000272d224c8c0, 0x00000272d224d400, 0x00000272d2251e60, 0x00000272d2254e20,
0x00000272d2255760, 0x00000272d2256300, 0x00000272d2258c60, 0x00000272d71a0250,
0x00000272d71b6480, 0x00000272d933b030, 0x00000272d94555b0, 0x00000272d9e86720,
0x00000272d9e861d0, 0x00000272d9e85730, 0x00000272d9e97c10, 0x00000272d9e981a0,
0x00000272d9e85c80, 0x00000272d9e83ca0, 0x00000272d9e83200, 0x00000272d9e84740,
0x00000272d9e841f0, 0x00000272d9458580, 0x00000272d9455b00, 0x00000272d9457040,
0x00000272d9457ae0, 0x00000272d9458030, 0x00000272d9455060, 0x00000272d9456af0,
0x00000272d9457590, 0x00000272d9e84c90, 0x00000272d9e851e0, 0x00000272d9e83750,
0x00000272da1001a0, 0x00000272da0ffc50, 0x00000272da1026d0, 0x00000272da102c20,
0x00000272da101190, 0x00000272da103170, 0x00000272da1036c0, 0x00000272da103c10,
0x00000272da1016e0, 0x00000272da101c30, 0x00000272da102180, 0x00000272da104160,
0x00000272da1006f0
}

Java Threads: ( => current thread )
  0x00000272d224c8c0 JavaThread "Reference Handler" daemon [_thread_blocked, id=1312, stack(0x000000bd72000000,0x000000bd72100000)]
  0x00000272d224d400 JavaThread "Finalizer" daemon [_thread_blocked, id=4420, stack(0x000000bd72100000,0x000000bd72200000)]
  0x00000272d2251e60 JavaThread "Signal Dispatcher" daemon [_thread_blocked, id=23124, stack(0x000000bd72200000,0x000000bd72300000)]
  0x00000272d2254e20 JavaThread "Attach Listener" daemon [_thread_blocked, id=22364, stack(0x000000bd72300000,0x000000bd72400000)]
  0x00000272d2255760 JavaThread "Service Thread" daemon [_thread_blocked, id=1628, stack(0x000000bd72400000,0x000000bd72500000)]
  0x00000272d2256300 JavaThread "Monitor Deflation Thread" daemon [_thread_blocked, id=22856, stack(0x000000bd72500000,0x000000bd72600000)]
  0x00000272d2258c60 JavaThread "C1 CompilerThread0" daemon [_thread_blocked, id=25680, stack(0x000000bd72600000,0x000000bd72700000)]
  0x00000272d71a0250 JavaThread "Notification Thread" daemon [_thread_blocked, id=10976, stack(0x000000bd72a00000,0x000000bd72b00000)]
  0x00000272d71b6480 JavaThread "Common-Cleaner" daemon [_thread_blocked, id=20412, stack(0x000000bd72c00000,0x000000bd72d00000)]
  0x00000272d933b030 JavaThread "PostgreSQL-JDBC-Cleaner" daemon [_thread_blocked, id=16984, stack(0x000000bd74000000,0x000000bd74100000)]
  0x00000272d94555b0 JavaThread "Live Reload Server" daemon [_thread_in_native, id=24864, stack(0x000000bd74800000,0x000000bd74900000)]
  0x00000272d9e86720 JavaThread "DestroyJavaVM" [_thread_blocked, id=26340, stack(0x000000bd71900000,0x000000bd71a00000)]
  0x00000272d9e861d0 JavaThread "Thread-5" [_thread_blocked, id=25136, stack(0x000000bd71800000,0x000000bd71900000)]
  0x00000272d9e85730 JavaThread "restartedMain" [_thread_blocked, id=1636, stack(0x000000bd72800000,0x000000bd72900000)]
  0x00000272d9e97c10 JavaThread "C1 CompilerThread1" daemon [_thread_blocked, id=5608, stack(0x000000bd72900000,0x000000bd72a00000)]
  0x00000272d9e981a0 JavaThread "C1 CompilerThread2" daemon [_thread_blocked, id=12852, stack(0x000000bd72d00000,0x000000bd72e00000)]
  0x00000272d9e85c80 JavaThread "HikariPool-2 housekeeper" daemon [_thread_blocked, id=17308, stack(0x000000bd72e00000,0x000000bd72f00000)]
  0x00000272d9e83ca0 JavaThread "HikariPool-2 connection adder" daemon [_thread_blocked, id=5792, stack(0x000000bd73700000,0x000000bd73800000)]
  0x00000272d9e83200 JavaThread "Catalina-utility-1" [_thread_blocked, id=22916, stack(0x000000bd73800000,0x000000bd73900000)]
  0x00000272d9e84740 JavaThread "Catalina-utility-2" [_thread_blocked, id=4212, stack(0x000000bd73f00000,0x000000bd74000000)]
  0x00000272d9e841f0 JavaThread "container-0" [_thread_blocked, id=2568, stack(0x000000bd74100000,0x000000bd74200000)]
  0x00000272d9458580 JavaThread "ClassGraph-worker-336" daemon [_thread_blocked, id=24320, stack(0x000000bd74200000,0x000000bd74300000)]
  0x00000272d9455b00 JavaThread "ClassGraph-worker-337" daemon [_thread_blocked, id=21216, stack(0x000000bd74300000,0x000000bd74400000)]
  0x00000272d9457040 JavaThread "ClassGraph-worker-338" daemon [_thread_blocked, id=24192, stack(0x000000bd74400000,0x000000bd74500000)]
  0x00000272d9457ae0 JavaThread "ClassGraph-worker-339" daemon [_thread_blocked, id=1484, stack(0x000000bd74500000,0x000000bd74600000)]
  0x00000272d9458030 JavaThread "ClassGraph-worker-340" daemon [_thread_blocked, id=18336, stack(0x000000bd74600000,0x000000bd74700000)]
  0x00000272d9455060 JavaThread "ClassGraph-worker-341" daemon [_thread_blocked, id=20064, stack(0x000000bd74700000,0x000000bd74800000)]
  0x00000272d9456af0 JavaThread "ClassGraph-worker-342" daemon [_thread_blocked, id=20440, stack(0x000000bd74900000,0x000000bd74a00000)]
  0x00000272d9457590 JavaThread "ClassGraph-worker-343" daemon [_thread_blocked, id=22176, stack(0x000000bd74a00000,0x000000bd74b00000)]
  0x00000272d9e84c90 JavaThread "ClassGraph-worker-344" daemon [_thread_blocked, id=20488, stack(0x000000bd74b00000,0x000000bd74c00000)]
  0x00000272d9e851e0 JavaThread "ClassGraph-worker-345" daemon [_thread_blocked, id=5280, stack(0x000000bd74c00000,0x000000bd74d00000)]
  0x00000272d9e83750 JavaThread "ClassGraph-worker-346" daemon [_thread_blocked, id=21772, stack(0x000000bd74d00000,0x000000bd74e00000)]
  0x00000272da1001a0 JavaThread "ClassGraph-worker-347" daemon [_thread_blocked, id=13428, stack(0x000000bd74e00000,0x000000bd74f00000)]
  0x00000272da0ffc50 JavaThread "ClassGraph-worker-348" daemon [_thread_blocked, id=444, stack(0x000000bd74f00000,0x000000bd75000000)]
  0x00000272da1026d0 JavaThread "ClassGraph-worker-349" daemon [_thread_blocked, id=23784, stack(0x000000bd75000000,0x000000bd75100000)]
  0x00000272da102c20 JavaThread "ClassGraph-worker-350" daemon [_thread_blocked, id=26344, stack(0x000000bd75100000,0x000000bd75200000)]
  0x00000272da101190 JavaThread "ClassGraph-worker-351" daemon [_thread_blocked, id=3780, stack(0x000000bd75200000,0x000000bd75300000)]
  0x00000272da103170 JavaThread "ClassGraph-worker-352" daemon [_thread_blocked, id=1872, stack(0x000000bd75300000,0x000000bd75400000)]
  0x00000272da1036c0 JavaThread "ClassGraph-worker-353" daemon [_thread_blocked, id=21948, stack(0x000000bd75400000,0x000000bd75500000)]
  0x00000272da103c10 JavaThread "ClassGraph-worker-354" daemon [_thread_blocked, id=24760, stack(0x000000bd75500000,0x000000bd75600000)]
  0x00000272da1016e0 JavaThread "ClassGraph-worker-355" daemon [_thread_blocked, id=5108, stack(0x000000bd75600000,0x000000bd75700000)]
  0x00000272da101c30 JavaThread "ClassGraph-worker-356" daemon [_thread_blocked, id=4552, stack(0x000000bd75700000,0x000000bd75800000)]
  0x00000272da102180 JavaThread "ClassGraph-worker-357" daemon [_thread_blocked, id=15512, stack(0x000000bd75800000,0x000000bd75900000)]
  0x00000272da104160 JavaThread "ClassGraph-worker-358" daemon [_thread_blocked, id=5576, stack(0x000000bd75900000,0x000000bd75a00000)]
  0x00000272da1006f0 JavaThread "ClassGraph-worker-359" daemon [_thread_blocked, id=23344, stack(0x000000bd75a00000,0x000000bd75b00000)]

Other Threads:
=>0x00000272d2227380 VMThread "VM Thread" [stack: 0x000000bd71f00000,0x000000bd72000000] [id=5720]
  0x00000272d71b37f0 WatcherThread "VM Periodic Task Thread" [stack: 0x000000bd72b00000,0x000000bd72c00000] [id=12012]
  0x00000272bda95e30 WorkerThread "GC Thread#0" [stack: 0x000000bd71a00000,0x000000bd71b00000] [id=4228]
  0x00000272d78fe920 WorkerThread "GC Thread#1" [stack: 0x000000bd72f00000,0x000000bd73000000] [id=14652]
  0x00000272d78ff190 WorkerThread "GC Thread#2" [stack: 0x000000bd73000000,0x000000bd73100000] [id=6812]
  0x00000272d78feec0 WorkerThread "GC Thread#3" [stack: 0x000000bd73100000,0x000000bd73200000] [id=11204]
  0x00000272d78ff730 WorkerThread "GC Thread#4" [stack: 0x000000bd73200000,0x000000bd73300000] [id=23136]
  0x00000272d78fe380 WorkerThread "GC Thread#5" [stack: 0x000000bd73300000,0x000000bd73400000] [id=6052]
  0x00000272d78ff460 WorkerThread "GC Thread#6" [stack: 0x000000bd73500000,0x000000bd73600000] [id=21188]
  0x00000272d78fdb10 WorkerThread "GC Thread#7" [stack: 0x000000bd73600000,0x000000bd73700000] [id=4164]
  0x00000272d78fdde0 WorkerThread "GC Thread#8" [stack: 0x000000bd73900000,0x000000bd73a00000] [id=3236]
  0x00000272d81c81e0 WorkerThread "GC Thread#9" [stack: 0x000000bd73a00000,0x000000bd73b00000] [id=20464]
  0x00000272d81c8a50 WorkerThread "GC Thread#10" [stack: 0x000000bd73b00000,0x000000bd73c00000] [id=3388]
  0x00000272d81c7c40 WorkerThread "GC Thread#11" [stack: 0x000000bd73400000,0x000000bd73500000] [id=24640]
  0x00000272d81ca940 WorkerThread "GC Thread#12" [stack: 0x000000bd73e00000,0x000000bd73f00000] [id=25412]
  0x00000272bdaa4b10 ConcurrentGCThread "G1 Main Marker" [stack: 0x000000bd71b00000,0x000000bd71c00000] [id=24544]
  0x00000272bdaa63b0 WorkerThread "G1 Conc#0" [stack: 0x000000bd71c00000,0x000000bd71d00000] [id=20576]
  0x00000272d81cb480 WorkerThread "G1 Conc#1" [stack: 0x000000bd73c00000,0x000000bd73d00000] [id=16764]
  0x00000272d81c9b30 WorkerThread "G1 Conc#2" [stack: 0x000000bd73d00000,0x000000bd73e00000] [id=10524]
  0x00000272bdade5e0 ConcurrentGCThread "G1 Refine#0" [stack: 0x000000bd71d00000,0x000000bd71e00000] [id=23172]
  0x00000272d20e8450 ConcurrentGCThread "G1 Service" [stack: 0x000000bd71e00000,0x000000bd71f00000] [id=9228]

Threads with active compile tasks:

VM state: at safepoint (normal execution)

VM Mutex/Monitor currently owned by a thread:  ([mutex/lock_event])
[0x00000272bda25430] Threads_lock - owner thread: 0x00000272d2227380
[0x00000272bda24e00] Heap_lock - owner thread: 0x00000272d9457590

Heap address: 0x0000000722200000, size: 3550 MB, Compressed Oops mode: Zero based, Oop shift amount: 3

CDS archive(s) mapped at: [0x0000000800000000-0x0000000800c60000-0x0000000800c60000), size 12976128, SharedBaseAddress: 0x0000000800000000, ArchiveRelocationMode: 0.
Compressed class space mapped at: 0x0000000801000000-0x0000000841000000, reserved size: 1073741824
Narrow klass base: 0x0000000800000000, Narrow klass shift: 0, Narrow klass range: 0x100000000

GC Precious Log:
 CardTable entry size: 512
 Card Set container configuration: InlinePtr #cards 4 size 8 Array Of Cards #cards 16 size 48 Howl #buckets 8 coarsen threshold 3686 Howl Bitmap #cards 512 size 80 coarsen threshold 460 Card regions per heap region 1 cards per card region 4096
 CPUs: 16 total, 16 available
 Memory: 14197M
 Large Page Support: Disabled
 NUMA Support: Disabled
 Compressed Oops: Enabled (Zero based)
 Heap Region Size: 2M
 Heap Min Capacity: 8M
 Heap Initial Capacity: 222M
 Heap Max Capacity: 3550M
 Pre-touch: Disabled
 Parallel Workers: 13
 Concurrent Workers: 3
 Concurrent Refinement Workers: 13
 Periodic GC: Disabled

Heap:
 garbage-first heap   total 133120K, used 78153K [0x0000000722200000, 0x0000000800000000)
  region size 2048K, 3 young (6144K), 3 survivors (6144K)
 Metaspace       used 71375K, committed 72192K, reserved 1114112K
  class space    used 10160K, committed 10560K, reserved 1048576K

Heap Regions: E=young(eden), S=young(survivor), O=old, HS=humongous(starts), HC=humongous(continues), CS=collection set, F=free, OA=open archive, CA=closed archive, TAMS=top-at-mark-start, PB=parsable bottom
|   0|0x0000000722200000, 0x0000000722400000, 0x0000000722400000|100%| O|  |TAMS 0x0000000722400000| PB 0x0000000722200000| Untracked 
|   1|0x0000000722400000, 0x00000007225ffff8, 0x0000000722600000| 99%| O|  |TAMS 0x00000007225ffff8| PB 0x0000000722400000| Untracked 
|   2|0x0000000722600000, 0x00000007227fffd0, 0x0000000722800000| 99%| O|  |TAMS 0x00000007227fffd0| PB 0x0000000722600000| Untracked 
|   3|0x0000000722800000, 0x00000007229fffb8, 0x0000000722a00000| 99%| O|  |TAMS 0x00000007229fffb8| PB 0x0000000722800000| Untracked 
|   4|0x0000000722a00000, 0x0000000722c00000, 0x0000000722c00000|100%| O|  |TAMS 0x0000000722c00000| PB 0x0000000722a00000| Untracked 
|   5|0x0000000722c00000, 0x0000000722dfffe0, 0x0000000722e00000| 99%| O|  |TAMS 0x0000000722dfffe0| PB 0x0000000722c00000| Untracked 
|   6|0x0000000722e00000, 0x0000000722fffff0, 0x0000000723000000| 99%| O|  |TAMS 0x0000000722fffff0| PB 0x0000000722e00000| Untracked 
|   7|0x0000000723000000, 0x00000007231fffe8, 0x0000000723200000| 99%| O|  |TAMS 0x00000007231fffe8| PB 0x0000000723000000| Untracked 
|   8|0x0000000723200000, 0x00000007233418d8, 0x0000000723400000| 62%| O|  |TAMS 0x00000007233418d8| PB 0x0000000723200000| Untracked 
|   9|0x0000000723400000, 0x00000007234f1528, 0x0000000723600000| 47%| O|  |TAMS 0x00000007234f1528| PB 0x0000000723400000| Untracked 
|  10|0x0000000723600000, 0x0000000723800000, 0x0000000723800000|100%| O|  |TAMS 0x0000000723800000| PB 0x0000000723600000| Untracked 
|  11|0x0000000723800000, 0x0000000723901950, 0x0000000723a00000| 50%| O|  |TAMS 0x0000000723901950| PB 0x0000000723800000| Untracked 
|  12|0x0000000723a00000, 0x0000000723c00000, 0x0000000723c00000|100%| O|  |TAMS 0x0000000723c00000| PB 0x0000000723a00000| Untracked 
|  13|0x0000000723c00000, 0x0000000723e00000, 0x0000000723e00000|100%| O|  |TAMS 0x0000000723c00000| PB 0x0000000723c00000| Untracked 
|  14|0x0000000723e00000, 0x0000000723fbdce0, 0x0000000724000000| 87%| O|  |TAMS 0x0000000723fbdce0| PB 0x0000000723e00000| Untracked 
|  15|0x0000000724000000, 0x0000000724200000, 0x0000000724200000|100%| O|  |TAMS 0x0000000724200000| PB 0x0000000724000000| Untracked 
|  16|0x0000000724200000, 0x0000000724400000, 0x0000000724400000|100%| O|  |TAMS 0x0000000724400000| PB 0x0000000724200000| Untracked 
|  17|0x0000000724400000, 0x0000000724600000, 0x0000000724600000|100%| O|  |TAMS 0x0000000724600000| PB 0x0000000724400000| Untracked 
|  18|0x0000000724600000, 0x0000000724800000, 0x0000000724800000|100%| O|  |TAMS 0x0000000724800000| PB 0x0000000724600000| Untracked 
|  19|0x0000000724800000, 0x0000000724a00000, 0x0000000724a00000|100%| O|  |TAMS 0x0000000724a00000| PB 0x0000000724800000| Untracked 
|  20|0x0000000724a00000, 0x0000000724c00000, 0x0000000724c00000|100%| O|  |TAMS 0x0000000724c00000| PB 0x0000000724a00000| Untracked 
|  21|0x0000000724c00000, 0x0000000724e00000, 0x0000000724e00000|100%| O|  |TAMS 0x0000000724e00000| PB 0x0000000724c00000| Untracked 
|  22|0x0000000724e00000, 0x0000000725000000, 0x0000000725000000|100%| O|  |TAMS 0x0000000725000000| PB 0x0000000724e00000| Untracked 
|  23|0x0000000725000000, 0x0000000725200000, 0x0000000725200000|100%| O|  |TAMS 0x0000000725200000| PB 0x0000000725000000| Untracked 
|  24|0x0000000725200000, 0x0000000725400000, 0x0000000725400000|100%| O|  |TAMS 0x0000000725400000| PB 0x0000000725200000| Untracked 
|  25|0x0000000725400000, 0x0000000725600000, 0x0000000725600000|100%| O|  |TAMS 0x0000000725600000| PB 0x0000000725400000| Untracked 
|  26|0x0000000725600000, 0x0000000725800000, 0x0000000725800000|100%| O|  |TAMS 0x0000000725800000| PB 0x0000000725600000| Untracked 
|  27|0x0000000725800000, 0x0000000725a00000, 0x0000000725a00000|100%| O|  |TAMS 0x0000000725a00000| PB 0x0000000725800000| Untracked 
|  28|0x0000000725a00000, 0x0000000725c00000, 0x0000000725c00000|100%| O|  |TAMS 0x0000000725c00000| PB 0x0000000725a00000| Untracked 
|  29|0x0000000725c00000, 0x0000000725e00000, 0x0000000725e00000|100%| O|  |TAMS 0x0000000725e00000| PB 0x0000000725c00000| Untracked 
|  30|0x0000000725e00000, 0x0000000726000000, 0x0000000726000000|100%| O|  |TAMS 0x0000000726000000| PB 0x0000000725e00000| Untracked 
|  31|0x0000000726000000, 0x0000000726200000, 0x0000000726200000|100%| O|  |TAMS 0x0000000726200000| PB 0x0000000726000000| Untracked 
|  32|0x0000000726200000, 0x0000000726400000, 0x0000000726400000|100%| O|  |TAMS 0x0000000726400000| PB 0x0000000726200000| Untracked 
|  33|0x0000000726400000, 0x0000000726600000, 0x0000000726600000|100%| O|  |TAMS 0x000000072653de00| PB 0x0000000726400000| Untracked 
|  34|0x0000000726600000, 0x0000000726800000, 0x0000000726800000|100%| O|  |TAMS 0x0000000726600000| PB 0x0000000726600000| Untracked 
|  35|0x0000000726800000, 0x0000000726a00000, 0x0000000726a00000|100%| O|  |TAMS 0x0000000726800000| PB 0x0000000726800000| Untracked 
|  36|0x0000000726a00000, 0x0000000726b60400, 0x0000000726c00000| 68%| O|  |TAMS 0x0000000726a00000| PB 0x0000000726a00000| Untracked 
|  37|0x0000000726c00000, 0x0000000726c00000, 0x0000000726e00000|  0%| F|  |TAMS 0x0000000726c00000| PB 0x0000000726c00000| Untracked 
|  38|0x0000000726e00000, 0x0000000726e00000, 0x0000000727000000|  0%| F|  |TAMS 0x0000000726e00000| PB 0x0000000726e00000| Untracked 
|  39|0x0000000727000000, 0x0000000727000000, 0x0000000727200000|  0%| F|  |TAMS 0x0000000727000000| PB 0x0000000727000000| Untracked 
|  40|0x0000000727200000, 0x0000000727200000, 0x0000000727400000|  0%| F|  |TAMS 0x0000000727200000| PB 0x0000000727200000| Untracked 
|  41|0x0000000727400000, 0x0000000727400000, 0x0000000727600000|  0%| F|  |TAMS 0x0000000727400000| PB 0x0000000727400000| Untracked 
|  42|0x0000000727600000, 0x0000000727600000, 0x0000000727800000|  0%| F|  |TAMS 0x0000000727600000| PB 0x0000000727600000| Untracked 
|  43|0x0000000727800000, 0x0000000727800000, 0x0000000727a00000|  0%| F|  |TAMS 0x0000000727800000| PB 0x0000000727800000| Untracked 
|  44|0x0000000727a00000, 0x0000000727a00000, 0x0000000727c00000|  0%| F|  |TAMS 0x0000000727a00000| PB 0x0000000727a00000| Untracked 
|  45|0x0000000727c00000, 0x0000000727e00000, 0x0000000727e00000|100%| S|CS|TAMS 0x0000000727c00000| PB 0x0000000727c00000| Complete 
|  46|0x0000000727e00000, 0x0000000728000000, 0x0000000728000000|100%| S|CS|TAMS 0x0000000727e00000| PB 0x0000000727e00000| Complete 
|  47|0x0000000728000000, 0x0000000728200000, 0x0000000728200000|100%| S|CS|TAMS 0x0000000728000000| PB 0x0000000728000000| Complete 
|  48|0x0000000728200000, 0x0000000728200000, 0x0000000728400000|  0%| F|  |TAMS 0x0000000728200000| PB 0x0000000728200000| Untracked 
|  49|0x0000000728400000, 0x0000000728400000, 0x0000000728600000|  0%| F|  |TAMS 0x0000000728400000| PB 0x0000000728400000| Untracked 
|  50|0x0000000728600000, 0x0000000728600000, 0x0000000728800000|  0%| F|  |TAMS 0x0000000728600000| PB 0x0000000728600000| Untracked 
|  51|0x0000000728800000, 0x0000000728800000, 0x0000000728a00000|  0%| F|  |TAMS 0x0000000728800000| PB 0x0000000728800000| Untracked 
|  52|0x0000000728a00000, 0x0000000728a00000, 0x0000000728c00000|  0%| F|  |TAMS 0x0000000728a00000| PB 0x0000000728a00000| Untracked 
|  53|0x0000000728c00000, 0x0000000728c00000, 0x0000000728e00000|  0%| F|  |TAMS 0x0000000728c00000| PB 0x0000000728c00000| Untracked 
|  54|0x0000000728e00000, 0x0000000728e00000, 0x0000000729000000|  0%| F|  |TAMS 0x0000000728e00000| PB 0x0000000728e00000| Untracked 
|  55|0x0000000729000000, 0x0000000729000000, 0x0000000729200000|  0%| F|  |TAMS 0x0000000729000000| PB 0x0000000729000000| Untracked 
|  56|0x0000000729200000, 0x0000000729200000, 0x0000000729400000|  0%| F|  |TAMS 0x0000000729200000| PB 0x0000000729200000| Untracked 
|  57|0x0000000729400000, 0x0000000729400000, 0x0000000729600000|  0%| F|  |TAMS 0x0000000729400000| PB 0x0000000729400000| Untracked 
|  58|0x0000000729600000, 0x0000000729600000, 0x0000000729800000|  0%| F|  |TAMS 0x0000000729600000| PB 0x0000000729600000| Untracked 
|  59|0x0000000729800000, 0x0000000729800000, 0x0000000729a00000|  0%| F|  |TAMS 0x0000000729800000| PB 0x0000000729800000| Untracked 
|  60|0x0000000729a00000, 0x0000000729a00000, 0x0000000729c00000|  0%| F|  |TAMS 0x0000000729a00000| PB 0x0000000729a00000| Untracked 
|  61|0x0000000729c00000, 0x0000000729c00000, 0x0000000729e00000|  0%| F|  |TAMS 0x0000000729c00000| PB 0x0000000729c00000| Untracked 
|  62|0x0000000729e00000, 0x0000000729e00000, 0x000000072a000000|  0%| F|  |TAMS 0x0000000729e00000| PB 0x0000000729e00000| Untracked 
|  63|0x000000072a000000, 0x000000072a000000, 0x000000072a200000|  0%| F|  |TAMS 0x000000072a000000| PB 0x000000072a000000| Untracked 
|  64|0x000000072a200000, 0x000000072a200000, 0x000000072a400000|  0%| F|  |TAMS 0x000000072a200000| PB 0x000000072a200000| Untracked 

Card table byte_map: [0x00000272cb830000,0x00000272cbf20000] _byte_map_base: 0x00000272c7f1f000

Marking Bits: (CMBitMap*) 0x00000272bda96460
 Bits: [0x00000272cc610000, 0x00000272cfd88000)

Polling page: 0x00000272bf290000

Metaspace:

Usage:
  Non-class:     59.78 MB used.
      Class:      9.92 MB used.
       Both:     69.70 MB used.

Virtual space:
  Non-class space:       64.00 MB reserved,      60.19 MB ( 94%) committed,  1 nodes.
      Class space:        1.00 GB reserved,      10.31 MB (  1%) committed,  1 nodes.
             Both:        1.06 GB reserved,      70.50 MB (  6%) committed. 

Chunk freelists:
   Non-Class:  3.38 MB
       Class:  1.69 MB
        Both:  5.07 MB

MaxMetaspaceSize: unlimited
CompressedClassSpaceSize: 1.00 GB
Initial GC threshold: 21.00 MB
Current GC threshold: 117.50 MB
CDS: on
MetaspaceReclaimPolicy: balanced
 - commit_granule_bytes: 65536.
 - commit_granule_words: 8192.
 - virtual_space_node_default_size: 8388608.
 - enlarge_chunks_in_place: 1.
 - new_chunks_are_fully_committed: 0.
 - uncommit_free_chunks: 1.
 - use_allocation_guard: 0.


Internal statistics:

num_allocs_failed_limit: 6.
num_arena_births: 1482.
num_arena_deaths: 476.
num_vsnodes_births: 2.
num_vsnodes_deaths: 0.
num_space_committed: 1128.
num_space_uncommitted: 0.
num_chunks_returned_to_freelist: 541.
num_chunks_taken_from_freelist: 4312.
num_chunk_merges: 140.
num_chunk_splits: 2925.
num_chunks_enlarged: 2255.
num_inconsistent_stats: 0.

CodeCache: size=49152Kb used=13691Kb max_used=14625Kb free=35460Kb
 bounds [0x00000272c7470000, 0x00000272c82c0000, 0x00000272ca470000]
 total_blobs=7148 nmethods=6444 adapters=626
 compilation: enabled
              stopped_count=0, restarted_count=0
 full_count=0

Compilation events (20 events):
Event: 633.031 Thread 0x00000272d2258c60 nmethod 7770 0x00000272c777fc90 code [0x00000272c777fe40, 0x00000272c77800e0]
Event: 633.031 Thread 0x00000272d9e981a0 nmethod 7771 0x00000272c78f3e10 code [0x00000272c78f3fe0, 0x00000272c78f42d0]
Event: 633.112 Thread 0x00000272d9e981a0 7772       1       java.util.Properties::<init> (32 bytes)
Event: 633.112 Thread 0x00000272d9e97c10 7773       1       java.util.Hashtable::<init> (10 bytes)
Event: 633.113 Thread 0x00000272d9e97c10 nmethod 7773 0x00000272c7598b10 code [0x00000272c7598c80, 0x00000272c7598d50]
Event: 633.113 Thread 0x00000272d9e981a0 nmethod 7772 0x00000272c7c71c10 code [0x00000272c7c71dc0, 0x00000272c7c72018]
Event: 633.114 Thread 0x00000272d9e981a0 7774       1       sun.security.jca.Providers::getThreadProviderList (18 bytes)
Event: 633.114 Thread 0x00000272d2258c60 7775       1       sun.security.jca.Providers::getSystemProviderList (4 bytes)
Event: 633.114 Thread 0x00000272d9e97c10 7776       1       sun.security.jca.Providers::getProviderList (14 bytes)
Event: 633.114 Thread 0x00000272d2258c60 nmethod 7775 0x00000272c7758390 code [0x00000272c7758500, 0x00000272c77585b8]
Event: 633.114 Thread 0x00000272d9e981a0 nmethod 7774 0x00000272c7757410 code [0x00000272c77575a0, 0x00000272c77576f0]
Event: 633.114 Thread 0x00000272d9e97c10 nmethod 7776 0x00000272c7765210 code [0x00000272c77653a0, 0x00000272c77654f0]
Event: 633.119 Thread 0x00000272d9e97c10 7777       1       org.postgresql.core.NativeQuery::<init> (41 bytes)
Event: 633.119 Thread 0x00000272d9e981a0 7778       1       org.postgresql.core.v3.SimpleQuery::<init> (20 bytes)
Event: 633.119 Thread 0x00000272d9e981a0 nmethod 7778 0x00000272c776ae10 code [0x00000272c776afa0, 0x00000272c776b118]
Event: 633.119 Thread 0x00000272d9e97c10 nmethod 7777 0x00000272c778ba90 code [0x00000272c778bc20, 0x00000272c778be50]
Event: 633.136 Thread 0x00000272d9e97c10 7779       1       java.util.IdentityHashMap::isEmpty (13 bytes)
Event: 633.136 Thread 0x00000272d9e97c10 nmethod 7779 0x00000272c775ae10 code [0x00000272c775af80, 0x00000272c775b060]
Event: 633.152 Thread 0x00000272d9e97c10 7780   !   1       org.postgresql.PGProperty::getInt (44 bytes)
Event: 633.152 Thread 0x00000272d9e97c10 nmethod 7780 0x00000272c7c59610 code [0x00000272c7c597e0, 0x00000272c7c59d60]

GC Heap History (20 events):
Event: 6.863 GC heap after
{Heap after GC invocations=22 (full 0):
 garbage-first heap   total 118784K, used 78122K [0x0000000722200000, 0x0000000800000000)
  region size 2048K, 2 young (4096K), 2 survivors (4096K)
 Metaspace       used 63133K, committed 63936K, reserved 1114112K
  class space    used 8953K, committed 9344K, reserved 1048576K
}
Event: 7.209 GC heap before
{Heap before GC invocations=23 (full 0):
 garbage-first heap   total 141312K, used 98602K [0x0000000722200000, 0x0000000800000000)
  region size 2048K, 12 young (24576K), 2 survivors (4096K)
 Metaspace       used 64702K, committed 65600K, reserved 1114112K
  class space    used 9247K, committed 9664K, reserved 1048576K
}
Event: 7.212 GC heap after
{Heap after GC invocations=24 (full 0):
 garbage-first heap   total 141312K, used 82696K [0x0000000722200000, 0x0000000800000000)
  region size 2048K, 2 young (4096K), 2 survivors (4096K)
 Metaspace       used 64702K, committed 65600K, reserved 1114112K
  class space    used 9247K, committed 9664K, reserved 1048576K
}
Event: 200.141 GC heap before
{Heap before GC invocations=24 (full 0):
 garbage-first heap   total 141312K, used 113416K [0x0000000722200000, 0x0000000800000000)
  region size 2048K, 18 young (36864K), 2 survivors (4096K)
 Metaspace       used 70986K, committed 71936K, reserved 1114112K
  class space    used 10136K, committed 10560K, reserved 1048576K
}
Event: 200.145 GC heap after
{Heap after GC invocations=25 (full 0):
 garbage-first heap   total 225280K, used 70750K [0x0000000722200000, 0x0000000800000000)
  region size 2048K, 3 young (6144K), 3 survivors (6144K)
 Metaspace       used 70986K, committed 71936K, reserved 1114112K
  class space    used 10136K, committed 10560K, reserved 1048576K
}
Event: 631.069 GC heap before
{Heap before GC invocations=25 (full 0):
 garbage-first heap   total 225280K, used 95326K [0x0000000722200000, 0x0000000800000000)
  region size 2048K, 16 young (32768K), 3 survivors (6144K)
 Metaspace       used 71072K, committed 72000K, reserved 1114112K
  class space    used 10154K, committed 10560K, reserved 1048576K
}
Event: 631.106 GC heap after
{Heap after GC invocations=26 (full 1):
 garbage-first heap   total 102400K, used 23655K [0x0000000722200000, 0x0000000800000000)
  region size 2048K, 0 young (0K), 0 survivors (0K)
 Metaspace       used 70678K, committed 72000K, reserved 1114112K
  class space    used 10048K, committed 10560K, reserved 1048576K
}
Event: 632.067 GC heap before
{Heap before GC invocations=26 (full 1):
 garbage-first heap   total 102400K, used 68711K [0x0000000722200000, 0x0000000800000000)
  region size 2048K, 22 young (45056K), 0 survivors (0K)
 Metaspace       used 70931K, committed 72000K, reserved 1114112K
  class space    used 10093K, committed 10560K, reserved 1048576K
}
Event: 632.070 GC heap after
{Heap after GC invocations=27 (full 1):
 garbage-first heap   total 102400K, used 28628K [0x0000000722200000, 0x0000000800000000)
  region size 2048K, 3 young (6144K), 3 survivors (6144K)
 Metaspace       used 70931K, committed 72000K, reserved 1114112K
  class space    used 10093K, committed 10560K, reserved 1048576K
}
Event: 632.766 GC heap before
{Heap before GC invocations=28 (full 1):
 garbage-first heap   total 102400K, used 71636K [0x0000000722200000, 0x0000000800000000)
  region size 2048K, 24 young (49152K), 3 survivors (6144K)
 Metaspace       used 71371K, committed 72192K, reserved 1114112K
  class space    used 10159K, committed 10560K, reserved 1048576K
}
Event: 632.771 GC heap after
{Heap after GC invocations=29 (full 1):
 garbage-first heap   total 102400K, used 32562K [0x0000000722200000, 0x0000000800000000)
  region size 2048K, 3 young (6144K), 3 survivors (6144K)
 Metaspace       used 71371K, committed 72192K, reserved 1114112K
  class space    used 10159K, committed 10560K, reserved 1048576K
}
Event: 632.902 GC heap before
{Heap before GC invocations=29 (full 1):
 garbage-first heap   total 102400K, used 69426K [0x0000000722200000, 0x0000000800000000)
  region size 2048K, 22 young (45056K), 3 survivors (6144K)
 Metaspace       used 71371K, committed 72192K, reserved 1114112K
  class space    used 10159K, committed 10560K, reserved 1048576K
}
Event: 632.908 GC heap after
{Heap after GC invocations=30 (full 1):
 garbage-first heap   total 102400K, used 40437K [0x0000000722200000, 0x0000000800000000)
  region size 2048K, 3 young (6144K), 3 survivors (6144K)
 Metaspace       used 71371K, committed 72192K, reserved 1114112K
  class space    used 10159K, committed 10560K, reserved 1048576K
}
Event: 632.983 GC heap before
{Heap before GC invocations=30 (full 1):
 garbage-first heap   total 102400K, used 75253K [0x0000000722200000, 0x0000000800000000)
  region size 2048K, 21 young (43008K), 3 survivors (6144K)
 Metaspace       used 71371K, committed 72192K, reserved 1114112K
  class space    used 10159K, committed 10560K, reserved 1048576K
}
Event: 632.990 GC heap after
{Heap after GC invocations=31 (full 1):
 garbage-first heap   total 102400K, used 51213K [0x0000000722200000, 0x0000000800000000)
  region size 2048K, 3 young (6144K), 3 survivors (6144K)
 Metaspace       used 71371K, committed 72192K, reserved 1114112K
  class space    used 10159K, committed 10560K, reserved 1048576K
}
Event: 633.056 GC heap before
{Heap before GC invocations=32 (full 1):
 garbage-first heap   total 133120K, used 75789K [0x0000000722200000, 0x0000000800000000)
  region size 2048K, 16 young (32768K), 3 survivors (6144K)
 Metaspace       used 71371K, committed 72192K, reserved 1114112K
  class space    used 10159K, committed 10560K, reserved 1048576K
}
Event: 633.063 GC heap after
{Heap after GC invocations=33 (full 1):
 garbage-first heap   total 133120K, used 58875K [0x0000000722200000, 0x0000000800000000)
  region size 2048K, 2 young (4096K), 2 survivors (4096K)
 Metaspace       used 71371K, committed 72192K, reserved 1114112K
  class space    used 10159K, committed 10560K, reserved 1048576K
}
Event: 633.123 GC heap before
{Heap before GC invocations=33 (full 1):
 garbage-first heap   total 133120K, used 99835K [0x0000000722200000, 0x0000000800000000)
  region size 2048K, 22 young (45056K), 2 survivors (4096K)
 Metaspace       used 71375K, committed 72192K, reserved 1114112K
  class space    used 10160K, committed 10560K, reserved 1048576K
}
Event: 633.131 GC heap after
{Heap after GC invocations=34 (full 1):
 garbage-first heap   total 133120K, used 69824K [0x0000000722200000, 0x0000000800000000)
  region size 2048K, 3 young (6144K), 3 survivors (6144K)
 Metaspace       used 71375K, committed 72192K, reserved 1114112K
  class space    used 10160K, committed 10560K, reserved 1048576K
}
Event: 633.179 GC heap before
{Heap before GC invocations=34 (full 1):
 garbage-first heap   total 133120K, used 102592K [0x0000000722200000, 0x0000000800000000)
  region size 2048K, 20 young (40960K), 3 survivors (6144K)
 Metaspace       used 71375K, committed 72192K, reserved 1114112K
  class space    used 10160K, committed 10560K, reserved 1048576K
}

Dll operation events (11 events):
Event: 0.009 Loaded shared library C:\Program Files\Java\jdk-20\bin\java.dll
Event: 0.016 Loaded shared library C:\Program Files\Java\jdk-20\bin\jsvml.dll
Event: 0.101 Loaded shared library C:\Program Files\Java\jdk-20\bin\net.dll
Event: 0.103 Loaded shared library C:\Program Files\Java\jdk-20\bin\nio.dll
Event: 0.107 Loaded shared library C:\Program Files\Java\jdk-20\bin\zip.dll
Event: 0.224 Loaded shared library C:\Program Files\Java\jdk-20\bin\jimage.dll
Event: 0.522 Loaded shared library C:\Program Files\Java\jdk-20\bin\management.dll
Event: 0.526 Loaded shared library C:\Program Files\Java\jdk-20\bin\management_ext.dll
Event: 1.723 Loaded shared library C:\Program Files\Java\jdk-20\bin\sunmscapi.dll
Event: 3.725 Loaded shared library C:\Program Files\Java\jdk-20\bin\verify.dll
Event: 4.104 Loaded shared library C:\Program Files\Java\jdk-20\bin\extnet.dll

Deoptimization events (14 events):
Event: 1.214 Thread 0x00000272d798b060 DEOPT PACKING pc=0x00000272c79fc6e1 sp=0x000000bd72efd1d0
Event: 1.215 Thread 0x00000272d798b060 DEOPT UNPACKING pc=0x00000272c74da4c2 sp=0x000000bd72efc6b0 mode 3
Event: 1.403 Thread 0x00000272d798b060 DEOPT PACKING pc=0x00000272c7a709dd sp=0x000000bd72efd840
Event: 1.403 Thread 0x00000272d798b060 DEOPT UNPACKING pc=0x00000272c74da4c2 sp=0x000000bd72efcce8 mode 3
Event: 2.665 Thread 0x00000272d798b060 DEOPT PACKING pc=0x00000272c7de2261 sp=0x000000bd72efcc70
Event: 2.665 Thread 0x00000272d798b060 DEOPT UNPACKING pc=0x00000272c74da4c2 sp=0x000000bd72efc150 mode 3
Event: 5.650 Thread 0x00000272d798b060 DEOPT PACKING pc=0x00000272c7a5c5c4 sp=0x000000bd72efa770
Event: 5.650 Thread 0x00000272d798b060 DEOPT UNPACKING pc=0x00000272c74da4c2 sp=0x000000bd72ef9cc8 mode 0
Event: 5.801 Thread 0x00000272d798b060 DEOPT PACKING pc=0x00000272c7c095f1 sp=0x000000bd72efcb20
Event: 5.801 Thread 0x00000272d798b060 DEOPT UNPACKING pc=0x00000272c74da4c2 sp=0x000000bd72efc028 mode 3
Event: 5.830 Thread 0x00000272d798b060 DEOPT PACKING pc=0x00000272c7e908f5 sp=0x000000bd72efc440
Event: 5.830 Thread 0x00000272d798b060 DEOPT UNPACKING pc=0x00000272c74da4c2 sp=0x000000bd72efb9a8 mode 3
Event: 6.444 Thread 0x00000272d798b060 DEOPT PACKING pc=0x00000272c80fa213 sp=0x000000bd72efadc0
Event: 6.444 Thread 0x00000272d798b060 DEOPT UNPACKING pc=0x00000272c74da4c2 sp=0x000000bd72efa308 mode 3

Classes loaded (20 events):
Event: 95.827 Loading class org/w3c/dom/Node
Event: 95.827 Loading class org/w3c/dom/Node done
Event: 95.827 Loading class org/w3c/dom/Document
Event: 95.827 Loading class org/w3c/dom/Document done
Event: 96.154 Loading class jdk/internal/reflect/MethodHandleBooleanFieldAccessorImpl
Event: 96.154 Loading class jdk/internal/reflect/MethodHandleBooleanFieldAccessorImpl done
Event: 96.198 Loading class java/util/stream/LongStream
Event: 96.198 Loading class java/util/stream/LongStream done
Event: 96.198 Loading class java/util/stream/DoubleStream
Event: 96.198 Loading class java/util/stream/DoubleStream done
Event: 631.045 Loading class java/util/concurrent/locks/AbstractQueuedSynchronizer$SharedNode
Event: 631.045 Loading class java/util/concurrent/locks/AbstractQueuedSynchronizer$SharedNode done
Event: 631.106 Loading class java/lang/ref/Finalizer$2
Event: 631.106 Loading class java/lang/ref/Finalizer$2 done
Event: 631.106 Loading class java/lang/ref/Finalizer$1
Event: 631.106 Loading class java/lang/ref/Finalizer$1 done
Event: 631.964 Loading class java/lang/invoke/MethodHandleImpl$CountingWrapper$1
Event: 631.964 Loading class java/lang/invoke/MethodHandleImpl$CountingWrapper$1 done
Event: 632.661 Loading class java/time/DurationEditor
Event: 632.661 Loading class java/time/DurationEditor done

Classes unloaded (20 events):
Event: 632.087 Thread 0x00000272d2227380 Unloading class 0x0000000801721000 'java/lang/invoke/LambdaForm$MH+0x0000000801721000'
Event: 632.087 Thread 0x00000272d2227380 Unloading class 0x0000000801720800 'java/lang/invoke/LambdaForm$MH+0x0000000801720800'
Event: 632.087 Thread 0x00000272d2227380 Unloading class 0x0000000801720000 'java/lang/invoke/LambdaForm$MH+0x0000000801720000'
Event: 632.087 Thread 0x00000272d2227380 Unloading class 0x000000080143b400 'java/lang/invoke/LambdaForm$MH+0x000000080143b400'
Event: 632.087 Thread 0x00000272d2227380 Unloading class 0x000000080143ac00 'java/lang/invoke/LambdaForm$MH+0x000000080143ac00'
Event: 632.087 Thread 0x00000272d2227380 Unloading class 0x000000080143a800 'java/lang/invoke/LambdaForm$MH+0x000000080143a800'
Event: 632.087 Thread 0x00000272d2227380 Unloading class 0x000000080143a400 'java/lang/invoke/LambdaForm$MH+0x000000080143a400'
Event: 632.087 Thread 0x00000272d2227380 Unloading class 0x0000000801439000 'java/lang/invoke/LambdaForm$MH+0x0000000801439000'
Event: 632.087 Thread 0x00000272d2227380 Unloading class 0x0000000801435c00 'java/lang/invoke/LambdaForm$MH+0x0000000801435c00'
Event: 632.087 Thread 0x00000272d2227380 Unloading class 0x0000000801435800 'java/lang/invoke/LambdaForm$MH+0x0000000801435800'
Event: 632.087 Thread 0x00000272d2227380 Unloading class 0x000000080139a800 'java/lang/invoke/LambdaForm$MH+0x000000080139a800'
Event: 632.087 Thread 0x00000272d2227380 Unloading class 0x0000000801111c00 'java/lang/invoke/LambdaForm$MH+0x0000000801111c00'
Event: 632.087 Thread 0x00000272d2227380 Unloading class 0x0000000801110800 'java/lang/invoke/LambdaForm$MH+0x0000000801110800'
Event: 632.087 Thread 0x00000272d2227380 Unloading class 0x0000000801110400 'java/lang/invoke/LambdaForm$MH+0x0000000801110400'
Event: 632.087 Thread 0x00000272d2227380 Unloading class 0x0000000801038000 'java/lang/invoke/LambdaForm$MH+0x0000000801038000'
Event: 632.087 Thread 0x00000272d2227380 Unloading class 0x0000000801034800 'java/lang/invoke/LambdaForm$MH+0x0000000801034800'
Event: 632.087 Thread 0x00000272d2227380 Unloading class 0x000000080101b400 'java/lang/invoke/LambdaForm$MH+0x000000080101b400'
Event: 632.087 Thread 0x00000272d2227380 Unloading class 0x000000080101ac00 'java/lang/invoke/LambdaForm$MH+0x000000080101ac00'
Event: 632.087 Thread 0x00000272d2227380 Unloading class 0x000000080101a400 'java/lang/invoke/LambdaForm$MH+0x000000080101a400'
Event: 632.087 Thread 0x00000272d2227380 Unloading class 0x000000080101a000 'java/lang/invoke/LambdaForm$MH+0x000000080101a000'

Classes redefined (0 events):
No events

Internal exceptions (20 events):
Event: 633.137 Thread 0x00000272d9455b00 Exception <a 'sun/nio/fs/WindowsException'{0x000000072a26ae58}> (0x000000072a26ae58) 
thrown [s\open\src\hotspot\share\prims\jni.cpp, line 519]
Event: 633.137 Thread 0x00000272d9455b00 Exception <a 'sun/nio/fs/WindowsException'{0x000000072a26b120}> (0x000000072a26b120) 
thrown [s\open\src\hotspot\share\prims\jni.cpp, line 519]
Event: 633.138 Thread 0x00000272d9455b00 Exception <a 'sun/nio/fs/WindowsException'{0x000000072a26ba60}> (0x000000072a26ba60) 
thrown [s\open\src\hotspot\share\prims\jni.cpp, line 519]
Event: 633.138 Thread 0x00000272d9455b00 Exception <a 'sun/nio/fs/WindowsException'{0x000000072a26bd60}> (0x000000072a26bd60) 
thrown [s\open\src\hotspot\share\prims\jni.cpp, line 519]
Event: 633.138 Thread 0x00000272d9455b00 Exception <a 'sun/nio/fs/WindowsException'{0x000000072a26c678}> (0x000000072a26c678) 
thrown [s\open\src\hotspot\share\prims\jni.cpp, line 519]
Event: 633.138 Thread 0x00000272d9455b00 Exception <a 'sun/nio/fs/WindowsException'{0x000000072a26c948}> (0x000000072a26c948) 
thrown [s\open\src\hotspot\share\prims\jni.cpp, line 519]
Event: 633.138 Thread 0x00000272d9455b00 Exception <a 'sun/nio/fs/WindowsException'{0x000000072a26d238}> (0x000000072a26d238) 
thrown [s\open\src\hotspot\share\prims\jni.cpp, line 519]
Event: 633.138 Thread 0x00000272d9455b00 Exception <a 'sun/nio/fs/WindowsException'{0x000000072a26d4d0}> (0x000000072a26d4d0) 
thrown [s\open\src\hotspot\share\prims\jni.cpp, line 519]
Event: 633.138 Thread 0x00000272d9455b00 Exception <a 'sun/nio/fs/WindowsException'{0x000000072a26ddc8}> (0x000000072a26ddc8) 
thrown [s\open\src\hotspot\share\prims\jni.cpp, line 519]
Event: 633.138 Thread 0x00000272d9455b00 Exception <a 'sun/nio/fs/WindowsException'{0x000000072a26e078}> (0x000000072a26e078) 
thrown [s\open\src\hotspot\share\prims\jni.cpp, line 519]
Event: 633.138 Thread 0x00000272d9455b00 Exception <a 'sun/nio/fs/WindowsException'{0x000000072a26e968}> (0x000000072a26e968) 
thrown [s\open\src\hotspot\share\prims\jni.cpp, line 519]
Event: 633.138 Thread 0x00000272d9455b00 Exception <a 'sun/nio/fs/WindowsException'{0x000000072a26ec08}> (0x000000072a26ec08) 
thrown [s\open\src\hotspot\share\prims\jni.cpp, line 519]
Event: 633.139 Thread 0x00000272d9455b00 Exception <a 'sun/nio/fs/WindowsException'{0x000000072a26f500}> (0x000000072a26f500) 
thrown [s\open\src\hotspot\share\prims\jni.cpp, line 519]
Event: 633.139 Thread 0x00000272d9455b00 Exception <a 'sun/nio/fs/WindowsException'{0x000000072a26f7b0}> (0x000000072a26f7b0) 
thrown [s\open\src\hotspot\share\prims\jni.cpp, line 519]
Event: 633.139 Thread 0x00000272d9455b00 Exception <a 'sun/nio/fs/WindowsException'{0x000000072a2700c8}> (0x000000072a2700c8) 
thrown [s\open\src\hotspot\share\prims\jni.cpp, line 519]
Event: 633.139 Thread 0x00000272d9455b00 Exception <a 'sun/nio/fs/WindowsException'{0x000000072a270398}> (0x000000072a270398) 
thrown [s\open\src\hotspot\share\prims\jni.cpp, line 519]
Event: 633.140 Thread 0x00000272d9455b00 Exception <a 'sun/nio/fs/WindowsException'{0x000000072a270cc0}> (0x000000072a270cc0) 
thrown [s\open\src\hotspot\share\prims\jni.cpp, line 519]
Event: 633.140 Thread 0x00000272d9455b00 Exception <a 'sun/nio/fs/WindowsException'{0x000000072a270fa8}> (0x000000072a270fa8) 
thrown [s\open\src\hotspot\share\prims\jni.cpp, line 519]
Event: 633.140 Thread 0x00000272d9455b00 Exception <a 'sun/nio/fs/WindowsException'{0x000000072a2718c8}> (0x000000072a2718c8) 
thrown [s\open\src\hotspot\share\prims\jni.cpp, line 519]
Event: 633.140 Thread 0x00000272d9455b00 Exception <a 'sun/nio/fs/WindowsException'{0x000000072a271ba8}> (0x000000072a271ba8) 
thrown [s\open\src\hotspot\share\prims\jni.cpp, line 519]

VM Operations (20 events):
Event: 632.070 Executing VM operation: G1CollectForAllocation done
Event: 632.086 Executing VM operation: G1PauseRemark
Event: 632.095 Executing VM operation: G1PauseRemark done
Event: 632.101 Executing VM operation: G1PauseCleanup
Event: 632.102 Executing VM operation: G1PauseCleanup done
Event: 632.766 Executing VM operation: G1CollectForAllocation
Event: 632.771 Executing VM operation: G1CollectForAllocation done
Event: 632.901 Executing VM operation: G1CollectForAllocation
Event: 632.908 Executing VM operation: G1CollectForAllocation done
Event: 632.983 Executing VM operation: G1CollectForAllocation
Event: 632.991 Executing VM operation: G1CollectForAllocation done
Event: 633.022 Executing VM operation: G1PauseRemark
Event: 633.026 Executing VM operation: G1PauseRemark done
Event: 633.037 Executing VM operation: G1PauseCleanup
Event: 633.037 Executing VM operation: G1PauseCleanup done
Event: 633.056 Executing VM operation: G1CollectForAllocation
Event: 633.064 Executing VM operation: G1CollectForAllocation done
Event: 633.123 Executing VM operation: G1CollectForAllocation
Event: 633.131 Executing VM operation: G1CollectForAllocation done
Event: 633.179 Executing VM operation: G1CollectForAllocation

Events (20 events):
Event: 633.135 Thread 0x00000272d9458030 Thread added: 0x00000272d9458030
Event: 633.135 Thread 0x00000272d9455060 Thread added: 0x00000272d9455060
Event: 633.136 Thread 0x00000272d9456af0 Thread added: 0x00000272d9456af0
Event: 633.136 Thread 0x00000272d9457590 Thread added: 0x00000272d9457590
Event: 633.136 Thread 0x00000272d9e84c90 Thread added: 0x00000272d9e84c90
Event: 633.136 Thread 0x00000272d9e851e0 Thread added: 0x00000272d9e851e0
Event: 633.136 Thread 0x00000272d9e83750 Thread added: 0x00000272d9e83750
Event: 633.136 Thread 0x00000272da1001a0 Thread added: 0x00000272da1001a0
Event: 633.136 Thread 0x00000272da0ffc50 Thread added: 0x00000272da0ffc50
Event: 633.136 Thread 0x00000272da1026d0 Thread added: 0x00000272da1026d0
Event: 633.136 Thread 0x00000272da102c20 Thread added: 0x00000272da102c20
Event: 633.137 Thread 0x00000272da101190 Thread added: 0x00000272da101190
Event: 633.137 Thread 0x00000272da103170 Thread added: 0x00000272da103170
Event: 633.137 Thread 0x00000272da1036c0 Thread added: 0x00000272da1036c0
Event: 633.137 Thread 0x00000272da103c10 Thread added: 0x00000272da103c10
Event: 633.137 Thread 0x00000272da1016e0 Thread added: 0x00000272da1016e0
Event: 633.137 Thread 0x00000272da101c30 Thread added: 0x00000272da101c30
Event: 633.137 Thread 0x00000272da102180 Thread added: 0x00000272da102180
Event: 633.137 Thread 0x00000272da104160 Thread added: 0x00000272da104160
Event: 633.138 Thread 0x00000272da1006f0 Thread added: 0x00000272da1006f0


Dynamic libraries:
0x00007ff7deb60000 - 0x00007ff7deb70000 	C:\Program Files\Java\jdk-20\bin\java.exe
0x00007ff81e880000 - 0x00007ff81eae8000 	C:\WINDOWS\SYSTEM32\ntdll.dll
0x00007ff81c850000 - 0x00007ff81c919000 	C:\WINDOWS\System32\KERNEL32.DLL
0x00007ff81bf90000 - 0x00007ff81c382000 	C:\WINDOWS\System32\KERNELBASE.dll
0x00007ff81ba10000 - 0x00007ff81bb5b000 	C:\WINDOWS\System32\ucrtbase.dll
0x00007ffff5280000 - 0x00007ffff5299000 	C:\Program Files\Java\jdk-20\bin\jli.dll
0x00007ff81dc70000 - 0x00007ff81dd24000 	C:\WINDOWS\System32\ADVAPI32.dll
0x00007ffff5260000 - 0x00007ffff527b000 	C:\Program Files\Java\jdk-20\bin\VCRUNTIME140.dll
0x00007ff81dd30000 - 0x00007ff81ddd9000 	C:\WINDOWS\System32\msvcrt.dll
0x00007ff81d240000 - 0x00007ff81d2e6000 	C:\WINDOWS\System32\sechost.dll
0x00007ff81e720000 - 0x00007ff81e838000 	C:\WINDOWS\System32\RPCRT4.dll
0x00007ff81d2f0000 - 0x00007ff81d4b5000 	C:\WINDOWS\System32\USER32.dll
0x00007ff81bd70000 - 0x00007ff81bd97000 	C:\WINDOWS\System32\win32u.dll
0x00007ff81de10000 - 0x00007ff81de3b000 	C:\WINDOWS\System32\GDI32.dll
0x00007ff81bda0000 - 0x00007ff81becd000 	C:\WINDOWS\System32\gdi32full.dll
0x00007ffff1cb0000 - 0x00007ffff1f43000 	C:\WINDOWS\WinSxS\amd64_microsoft.windows.common-controls_6595b64144ccf1df_6.0.26100.6899_none_3e0efeeae32e88c1\COMCTL32.dll
0x00007ff81c430000 - 0x00007ff81c4d3000 	C:\WINDOWS\System32\msvcp_win.dll
0x00007ff814b80000 - 0x00007ff814b8b000 	C:\WINDOWS\SYSTEM32\VERSION.dll
0x00007ff81cfc0000 - 0x00007ff81cfef000 	C:\WINDOWS\System32\IMM32.DLL
0x00007ff815620000 - 0x00007ff81562c000 	C:\Program Files\Java\jdk-20\bin\vcruntime140_1.dll
0x00007fffd85b0000 - 0x00007fffd863e000 	C:\Program Files\Java\jdk-20\bin\msvcp140.dll
0x00007fff9c350000 - 0x00007fff9cfe7000 	C:\Program Files\Java\jdk-20\bin\server\jvm.dll
0x00007fffe6bc0000 - 0x00007fffe6bca000 	C:\WINDOWS\SYSTEM32\WSOCK32.dll
0x00007ff81e3c0000 - 0x00007ff81e434000 	C:\WINDOWS\System32\WS2_32.dll
0x00007ff814670000 - 0x00007ff8146a5000 	C:\WINDOWS\SYSTEM32\WINMM.dll
0x00007ff81a7e0000 - 0x00007ff81a7fb000 	C:\WINDOWS\SYSTEM32\kernel.appcore.dll
0x00007ffff5360000 - 0x00007ffff536a000 	C:\Program Files\Java\jdk-20\bin\jimage.dll
0x00007ff80e200000 - 0x00007ff80e442000 	C:\WINDOWS\SYSTEM32\DBGHELP.DLL
0x00007ff81c9e0000 - 0x00007ff81cd5b000 	C:\WINDOWS\System32\combase.dll
0x00007ff81d000000 - 0x00007ff81d0d7000 	C:\WINDOWS\System32\OLEAUT32.dll
0x00007ff80e1a0000 - 0x00007ff80e1dc000 	C:\WINDOWS\SYSTEM32\dbgcore.DLL
0x00007ff81c390000 - 0x00007ff81c428000 	C:\WINDOWS\System32\bcryptPrimitives.dll
0x00007fffedbe0000 - 0x00007fffedc06000 	C:\Program Files\Java\jdk-20\bin\java.dll
0x00007fffd80c0000 - 0x00007fffd8197000 	C:\Program Files\Java\jdk-20\bin\jsvml.dll
0x00007ff81d510000 - 0x00007ff81dc5d000 	C:\WINDOWS\System32\SHELL32.dll
0x00007ff81c4e0000 - 0x00007ff81c64b000 	C:\WINDOWS\System32\wintypes.dll
0x00007ff8196a0000 - 0x00007ff819efd000 	C:\WINDOWS\SYSTEM32\windows.storage.dll
0x00007ff81ce30000 - 0x00007ff81cf22000 	C:\WINDOWS\System32\SHCORE.dll
0x00007ff81de40000 - 0x00007ff81dea2000 	C:\WINDOWS\System32\shlwapi.dll
0x00007ff81b930000 - 0x00007ff81b959000 	C:\WINDOWS\SYSTEM32\profapi.dll
0x00007fffea320000 - 0x00007fffea333000 	C:\Program Files\Java\jdk-20\bin\net.dll
0x00007ff814a30000 - 0x00007ff814b4f000 	C:\WINDOWS\SYSTEM32\WINHTTP.dll
0x00007ff81ad50000 - 0x00007ff81adbb000 	C:\WINDOWS\system32\mswsock.dll
0x00007fffe9290000 - 0x00007fffe92a6000 	C:\Program Files\Java\jdk-20\bin\nio.dll
0x00007fffe8ea0000 - 0x00007fffe8eb8000 	C:\Program Files\Java\jdk-20\bin\zip.dll
0x00007fffedbd0000 - 0x00007fffedbda000 	C:\Program Files\Java\jdk-20\bin\management.dll
0x00007fffedb60000 - 0x00007fffedb6b000 	C:\Program Files\Java\jdk-20\bin\management_ext.dll
0x00007ff81cd90000 - 0x00007ff81cd98000 	C:\WINDOWS\System32\PSAPI.DLL
0x00007fffebcd0000 - 0x00007fffebcde000 	C:\Program Files\Java\jdk-20\bin\sunmscapi.dll
0x00007ff81bb60000 - 0x00007ff81bcd7000 	C:\WINDOWS\System32\CRYPT32.dll
0x00007ff81b220000 - 0x00007ff81b250000 	C:\WINDOWS\SYSTEM32\ncrypt.dll
0x00007ff81b1d0000 - 0x00007ff81b20f000 	C:\WINDOWS\SYSTEM32\NTASN1.dll
0x00007ff81b010000 - 0x00007ff81b02b000 	C:\WINDOWS\SYSTEM32\CRYPTSP.dll
0x00007ff81a740000 - 0x00007ff81a77b000 	C:\WINDOWS\system32\rsaenh.dll
0x00007ff81adf0000 - 0x00007ff81ae1b000 	C:\WINDOWS\SYSTEM32\USERENV.dll
0x00007ff81b900000 - 0x00007ff81b926000 	C:\WINDOWS\SYSTEM32\bcrypt.dll
0x00007ff81b000000 - 0x00007ff81b00c000 	C:\WINDOWS\SYSTEM32\CRYPTBASE.dll
0x00007ff81a250000 - 0x00007ff81a284000 	C:\WINDOWS\SYSTEM32\IPHLPAPI.DLL
0x00007ff81dc60000 - 0x00007ff81dc6a000 	C:\WINDOWS\System32\NSI.dll
0x00007ff815650000 - 0x00007ff81566e000 	C:\WINDOWS\SYSTEM32\dhcpcsvc6.DLL
0x00007ff814b90000 - 0x00007ff814bb3000 	C:\WINDOWS\SYSTEM32\dhcpcsvc.DLL
0x00007ff81a2f0000 - 0x00007ff81a416000 	C:\WINDOWS\SYSTEM32\DNSAPI.dll
0x00007ffff52d0000 - 0x00007ffff52e0000 	C:\Program Files\Java\jdk-20\bin\verify.dll
0x00007ff80f580000 - 0x00007ff80f58b000 	C:\Windows\System32\rasadhlp.dll
0x00007ff812250000 - 0x00007ff8122d6000 	C:\WINDOWS\System32\fwpuclnt.dll
0x00007fffe6bf0000 - 0x00007fffe6bf7000 	C:\Program Files\Java\jdk-20\bin\extnet.dll
0x00007fffcd530000 - 0x00007fffcd538000 	C:\WINDOWS\system32\wshunix.dll

dbghelp: loaded successfully - version: 4.0.5 - missing functions: none
symbol engine: initialized successfully - sym options: 0x614 - pdb path: .;C:\Program Files\Java\jdk-20\bin;C:\WINDOWS\SYSTEM32;C:\WINDOWS\WinSxS\amd64_microsoft.windows.common-controls_6595b64144ccf1df_6.0.26100.6899_none_3e0efeeae32e88c1;C:\Program Files\Java\jdk-20\bin\server

VM Arguments:
jvm_args: -XX:TieredStopAtLevel=1 
java_command: com.innovaedu.InnovaeduApiApplication
java_class_path (initial): D:\GitHubDesktop\innovaEdu\innovaedu-api\target\classes;C:\Users\Canopus\.m2\repository\org\aspectj\aspectjweaver\1.9.22.1\aspectjweaver-1.9.22.1.jar;C:\Users\Canopus\.m2\repository\com\zaxxer\HikariCP\5.1.0\HikariCP-5.1.0.jar;C:\Users\Canopus\.m2\repository\org\springframework\spring-jdbc\6.1.11\spring-jdbc-6.1.11.jar;C:\Users\Canopus\.m2\repository\org\hibernate\orm\hibernate-core\6.5.2.Final\hibernate-core-6.5.2.Final.jar;C:\Users\Canopus\.m2\repository\jakarta\persistence\jakarta.persistence-api\3.1.0\jakarta.persistence-api-3.1.0.jar;C:\Users\Canopus\.m2\repository\jakarta\transaction\jakarta.transaction-api\2.0.1\jakarta.transaction-api-2.0.1.jar;C:\Users\Canopus\.m2\repository\org\jboss\logging\jboss-logging\3.5.3.Final\jboss-logging-3.5.3.Final.jar;C:\Users\Canopus\.m2\repository\org\hibernate\common\hibernate-commons-annotations\6.0.6.Final\hibernate-commons-annotations-6.0.6.Final.jar;C:\Users\Canopus\.m2\repository\io\smallrye\jandex\3.1.2\jandex-3.1.2.jar;C:\Users\Canopus\.m2\repository\com\fasterxml\classmate\1.7.0\classmate-1.7.0.jar;C:\Users\Canopus\.m2\repository\net\bytebuddy\byte-buddy\1.14.18\byte-buddy-1.14.18.jar;C:\Users\Canopus\.m2\repository\org\glassfish\jaxb\jaxb-runtime\4.0.5\jaxb-runtime-4.0.5.jar;C:\Users\Canopus\.m2\repository\org\glassfish\jaxb\jaxb-core\4.0.5\jaxb-core-4.0.5.jar;C:\Users\Canopus\.m2\repository\org\eclipse\angus\angus-activation\2.0.2\angus-activation-2.0.2.jar;C:\Users\Canopus\.m2\repository\org\glassfish\jaxb\txw2\4.0.5\txw2-4.0.5.jar;C:\Users\Canopus\.m2\repository\com\sun\istack\istack-commons-runtime\4.1.2\istack-commons-runtime-4.1.2.jar;C:\Users\Canopus\.m2\repository\jakarta\inject\jakarta.inject-api\2.0.1\jakarta.inject-api-2.0.1.jar;C:\Users\Canopus\.m2\repository\org\antlr\antlr4-runtime\4.13.0\antlr4-runtime-4.13.0.jar;C:\Users\Canopus\.m2\repository\org\springframework\data\spring-data-jpa\3.3.2\spring-data-jpa-3.3.2.jar;C:\Users\Canopus\.m2\repository\org\springframework\data\spring-data-commons\3.3.2\spring-data-commons-3.3.2.jar;C:\Users\Canopus\.m2\repository\org\springframework\spring-orm\6.1.11\spring-orm-6.1.11.jar;C:\Users\Canopus\.m2\repository\org\springframework\spring-context\6.1.11\spring-context-6.1.11.jar;C:\Users\Canopus\.m2\repository\org\springframework\spring-tx\6.1.11\spring-tx-6.1.11.jar;C:\Users\Canopus\.m2\repository\org\springframework\spring-beans\6.1.11\spring-beans-6.1.11.jar;C:\Users\Canopus\.m2\repository\jakarta\annotation\jakarta.annotation-api\2.1.1\jakarta.annotation-api-2.1.1.jar;C:\Users\Canopus\.m2\repository\org\slf4j\slf4j-api\2.0.13\slf4j-api-2.0.13.jar;C:\Users\Canopus\.m2\repository\org\springframework\spring-aspects\6.1.11\spring-aspects-6.1.11.jar;C:\Users\Canopus\.m2\repository\ch\qos\logback\logback-classic\1.5.6\logback-classic-1.5.6.jar;C:\Users\Canopus\.m2\repository\ch\qos\logback\logback-core\1.5.6\logback-core-1.5.6.jar;C:\Users\Canopus\.m2\repository\org\apache\logging\log4j\log4j-to-slf4j\2.23.1\log4j-to-slf4j-2.23.1.jar;C:\Users\Canopus\.m2\repository\org\apache\logging\log4j\log4j-api\2.23.1\log4j-api-2.23.1.jar;C:\Users\Canopus\.m2\repository\org\slf4j\jul-to-slf4j\2.0.13\jul-to-slf4j-2.0.13.jar;C:\Users\Canopus\.m2\repository\org\yaml\snakeyaml\2.2\snakeyaml-2.2.jar;C:\Users\Canopus\.m2\repository\org\springframework\spring-aop\6.1.11\spring-aop-6.1.11.jar;C:\Users\Canopus\.m2\repository\org\springframework\security\spring-security-config\6.3.1\spring-security-config-6.3.1.jar;C:\Users\Canopus\.m2\repository\org\springframework\security\spring-security-core\6.3.1\spring-security-core-6.3.1.jar;C:\Users\Canopus\.m2\repository\org\springframework\security\spring-security-crypto\6.3.1\spring-security-crypto-6.3.1.jar;C:\Users\Canopus\.m2\repository\org\springframework\security\spring-security-web\6.3.1\spring-security-web-6.3.1.jar;C:\Users\Canopus\.m2\repository\org\springframework\spring-expression\6.1.11\spring-expression-6.1.11.jar;C:\Users\Canopus\.m2\repository\org\apache\tomcat\embed\tomcat-embed-el\10.1.26\tomcat-embed-el-10.1.26.jar;C:\Users\Canopus\.m2\repository\org\hibernate\validator\hibernate-validator\8.0.1.Final\hibernate-validator-8.0.1.Final.jar;C:\Users\Canopus\.m2\repository\jakarta\validation\jakarta.validation-api\3.0.2\jakarta.validation-api-3.0.2.jar;C:\Users\Canopus\.m2\repository\com\fasterxml\jackson\datatype\jackson-datatype-jdk8\2.17.2\jackson-datatype-jdk8-2.17.2.jar;C:\Users\Canopus\.m2\repository\com\fasterxml\jackson\datatype\jackson-datatype-jsr310\2.17.2\jackson-datatype-jsr310-2.17.2.jar;C:\Users\Canopus\.m2\repository\com\fasterxml\jackson\module\jackson-module-parameter-names\2.17.2\jackson-module-parameter-names-2.17.2.jar;C:\Users\Canopus\.m2\repository\org\apache\tomcat\embed\tomcat-embed-core\10.1.26\tomcat-embed-core-10.1.26.jar;C:\Users\Canopus\.m2\repository\org\apache\tomcat\embed\tomcat-embed-websocket\10.1.26\tomcat-embed-websocket-10.1.26.jar;C:\Users\Canopus\.m2\repository\org\springframework\spring-web\6.1.11\spring-web-6.1.11.jar;C:\Users\Canopus\.m2\repository\io\micrometer\micrometer-observation\1.13.2\micrometer-observation-1.13.2.jar;C:\Users\Canopus\.m2\repository\io\micrometer\micrometer-commons\1.13.2\micrometer-commons-1.13.2.jar;C:\Users\Canopus\.m2\repository\org\springframework\spring-webmvc\6.1.11\spring-webmvc-6.1.11.jar;C:\Users\Canopus\.m2\repository\org\springframework\boot\spring-boot-devtools\3.3.2\spring-boot-devtools-3.3.2.jar;C:\Users\Canopus\.m2\repository\org\springframework\boot\spring-boot\3.3.2\spring-boot-3.3.2.jar;C:\Users\Canopus\.m2\repository\org\springframework\boot\spring-boot-autoconfigure\3.3.2\spring-boot-autoconfigure-3.3.2.jar;C:\Users\Canopus\.m2\repository\org\projectlombok\lombok\1.18.34\lombok-1.18.34.jar;C:\Users\Canopus\.m2\repository\org\modelmapper\modelmapper\3.0.0\modelmapper-3.0.0.jar;C:\Users\Canopus\.m2\repository\io\jsonwebtoken\jjwt-api\0.11.5\jjwt-api-0.11.5.jar;C:\Users\Canopus\.m2\repository\io\jsonwebtoken\jjwt-impl\0.11.5\jjwt-impl-0.11.5.jar;C:\Users\Canopus\.m2\repository\io\jsonwebtoken\jjwt-jackson\0.11.5\jjwt-jackson-0.11.5.jar;C:\Users\Canopus\.m2\repository\com\fasterxml\jackson\core\jackson-databind\2.17.2\jackson-databind-2.17.2.jar;C:\Users\Canopus\.m2\repository\com\fasterxml\jackson\core\jackson-annotations\2.17.2\jackson-annotations-2.17.2.jar;C:\Users\Canopus\.m2\repository\com\fasterxml\jackson\core\jackson-core\2.17.2\jackson-core-2.17.2.jar;C:\Users\Canopus\.m2\repository\org\springdoc\springdoc-openapi-starter-webmvc-ui\2.0.3\springdoc-openapi-starter-webmvc-ui-2.0.3.jar;C:\Users\Canopus\.m2\repository\org\springdoc\springdoc-openapi-starter-webmvc-api\2.0.3\springdoc-openapi-starter-webmvc-api-2.0.3.jar;C:\Users\Canopus\.m2\repository\org\springdoc\springdoc-openapi-starter-common\2.0.3\springdoc-openapi-starter-common-2.0.3.jar;C:\Users\Canopus\.m2\repository\io\swagger\core\v3\swagger-core-jakarta\2.2.8\swagger-core-jakarta-2.2.8.jar;C:\Users\Canopus\.m2\repository\org\apache\commons\commons-lang3\3.14.0\commons-lang3-3.14.0.jar;C:\Users\Canopus\.m2\repository\io\swagger\core\v3\swagger-annotations-jakarta\2.2.8\swagger-annotations-jakarta-2.2.8.jar;C:\Users\Canopus\.m2\repository\io\swagger\core\v3\swagger-models-jakarta\2.2.8\swagger-models-jakarta-2.2.8.jar;C:\Users\Canopus\.m2\repository\com\fasterxml\jackson\dataformat\jackson-dataformat-yaml\2.17.2\jackson-dataformat-yaml-2.17.2.jar;C:\Users\Canopus\.m2\repository\org\webjars\swagger-ui\4.17.1\swagger-ui-4.17.1.jar;C:\Users\Canopus\.m2\repository\org\webjars\webjars-locator-core\0.58\webjars-locator-core-0.58.jar;C:\Users\Canopus\.m2\repository\io\github\classgraph\classgraph\4.8.149\classgraph-4.8.149.jar;C:\Users\Canopus\.m2\repository\org\postgresql\postgresql\42.7.3\postgresql-42.7.3.jar;C:\Users\Canopus\.m2\repository\org\checkerframework\checker-qual\3.42.0\checker-qual-3.42.0.jar;C:\Users\Canopus\.m2\repository\jakarta\xml\bind\jakarta.xml.bind-api\4.0.2\jakarta.xml.bind-api-4.0.2.jar;C:\Users\Canopus\.m2\repository\jakarta\activation\jakarta.activation-api\2.1.3\jakarta.activation-api-2.1.3.jar;C:\Users\Canopus\.m2\repository\org\springframework\spring-core\6.1.11\spring-core-6.1.11.jar;C:\Users\Canopus\.m2\repository\org\springframework\spring-jcl\6.1.11\spring-jcl-6.1.11.jar
Launcher Type: SUN_STANDARD

[Global flags]
     intx CICompilerCount                          = 12                                        {product} {ergonomic}
     uint ConcGCThreads                            = 3                                         {product} {ergonomic}
     uint G1ConcRefinementThreads                  = 13                                        {product} {ergonomic}
   size_t G1HeapRegionSize                         = 2097152                                   {product} {ergonomic}
    uintx GCDrainStackTargetSize                   = 64                                        {product} {ergonomic}
   size_t InitialHeapSize                          = 232783872                                 {product} {ergonomic}
   size_t MarkStackSize                            = 4194304                                   {product} {ergonomic}
   size_t MaxHeapSize                              = 3722444800                                {product} {ergonomic}
   size_t MaxNewSize                               = 2233466880                                {product} {ergonomic}
   size_t MinHeapDeltaBytes                        = 2097152                                   {product} {ergonomic}
   size_t MinHeapSize                              = 8388608                                   {product} {ergonomic}
    uintx NonProfiledCodeHeapSize                  = 0                                      {pd product} {ergonomic}
     bool ProfileInterpreter                       = false                                  {pd product} {command line}
    uintx ProfiledCodeHeapSize                     = 0                                      {pd product} {ergonomic}
   size_t SoftMaxHeapSize                          = 3722444800                             {manageable} {ergonomic}
     intx TieredStopAtLevel                        = 1                                         {product} {command line}
     bool UseCompressedClassPointers               = true                           {product lp64_product} {ergonomic}
     bool UseCompressedOops                        = true                           {product lp64_product} {ergonomic}
     bool UseG1GC                                  = true                                      {product} {ergonomic}
     bool UseLargePagesIndividualAllocation        = false                                  {pd product} {ergonomic}

Logging:
Log output configuration:
 #0: stdout all=warning uptime,level,tags foldmultilines=false
 #1: stderr all=off uptime,level,tags foldmultilines=false

Environment Variables:
JAVA_HOME=C:\Program Files\Java\jdk-20
CLASSPATH=D:\LINGO64_21\Lingo21.jar
PATH=C:\Python314\Scripts\;C:\Python314\;C:\Program Files\Common Files\Oracle\Java\javapath;D:\VMware Workstation Player\bin\;C:\Program Files (x86)\Common Files\Oracle\Java\javapath;C:\WINDOWS\system32;C:\WINDOWS;C:\WINDOWS\System32\Wbem;C:\WINDOWS\System32\WindowsPowerShell\v1.0\;C:\WINDOWS\System32\OpenSSH\;D:\Git\cmd;C:\Program Files\Java\jdk-20\bin;C:\Program Files\Calibre2\;C:\Program Files (x86)\Microsoft SQL Server\160\Tools\Binn\;C:\Program Files\Microsoft SQL Server\160\Tools\Binn\;C:\Program Files\Microsoft SQL Server\Client SDK\ODBC\170\Tools\Binn\;C:\Program Files\Microsoft SQL Server\160\DTS\Binn\;C:\Program Files\Azure Data Studio\bin;C:\Program Files (x86)\Microsoft SQL Server\160\DTS\Binn\;C:\xampp\php;D:\LINGO64_21\;C:\Program Files\Docker\Docker\resources\bin;C:\Program Files\GitHub CLI\;C:\Program Files\nodejs\;C:\ProgramData\chocolatey\bin;C:\Program Files\MySQL\MySQL Shell 8.0\bin\;C:\Users\Canopus\AppData\Local\Programs\Python\Python312\Scripts\;C:\Users\Canopus\AppData\Local\Programs\Python\Python312\;C:\Users\Canopus\AppData\Local\Microsoft\WindowsApps;D:\Visual Studio Code\bin;C:\Program Files\Azure Data Studio\bin;C:\Users\Canopus\AppData\Local\Programs\cursor\resources\app\bin;C:\Users\Canopus\AppData\Local\GitHubDesktop\bin;C:\Users\Canopus\AppData\Roaming\Python\Scripts;C:\Users\Canopus\AppData\Roaming\Python\Python312\Scripts;D:\Git\git-bash.exe;C:\ProgramData\Microsoft\Windows\Start Menu\Programs\Git\Git Bash.lnk;C:\Users\Canopus\AppData\Roaming\npm\opencode.cmd;D:\mplayer-svn-38151-x86_64-d;C:\Users\Canopus\AppData\Roaming\Programs\Zero Install;C:\Users\Canopus\AppData\Roaming\npm;C:\Users\Canopus\AppData\Local\Programs\Antigravity\bin;c:\Users\Canopus\.antigravity\extensions\vscjava.vscode-java-debug-0.58.3-universal\bundled\scripts\noConfigScripts
USERNAME=Canopus
LANG=en_US.UTF-8
OS=Windows_NT
PROCESSOR_IDENTIFIER=AMD64 Family 23 Model 104 Stepping 1, AuthenticAMD
TMP=C:\Users\Canopus\AppData\Local\Temp
TEMP=C:\Users\Canopus\AppData\Local\Temp




---------------  S Y S T E M  ---------------

OS:
 Windows 11 , 64 bit Build 26100 (10.0.26100.6725)
OS uptime: 0 days 16:14 hours

CPU: total 16 (initial active 16) (16 cores per cpu, 2 threads per core) family 23 model 104 stepping 1 microcode 0x8608102, cx8, cmov, fxsr, ht, mmx, 3dnowpref, sse, sse2, sse3, ssse3, sse4a, sse4.1, sse4.2, popcnt, lzcnt, tsc, tscinvbit, avx, avx2, aes, clmul, bmi1, bmi2, adx, sha, fma, vzeroupper, clflush, clflushopt, rdtscp, rdpid, f16c

Memory: 4k page, system-wide physical 14197M (2122M free)
TotalPageFile size 24197M (AvailPageFile size 67M)
current process WorkingSet (physical memory assigned to process): 316M, peak: 320M
current process commit charge ("private bytes"): 365M, peak: 495M

vm_info: Java HotSpot(TM) 64-Bit Server VM (20.0.1+9-29) for windows-amd64 JRE (20.0.1+9-29), built on 2023-03-07T13:56:11Z by "mach5one" with MS VC++ 17.1 (VS2022)

END.
