#
# There is insufficient memory for the Java Runtime Environment to continue.
# Native memory allocation (mmap) failed to map 14680064 bytes for G1 virtual space
# Possible reasons:
#   The system is out of physical RAM or swap space
#   The process is running with CompressedOops enabled, and the Java Heap may be blocking the growth of the native heap
# Possible solutions:
#   Reduce memory load on the system
#   Increase physical memory or swap space
#   Check if swap backing store is full
#   Decrease Java heap size (-Xmx/-Xms)
#   Decrease number of Java threads
#   Decrease Java thread stack sizes (-Xss)
#   Set larger code cache with -XX:ReservedCodeCacheSize=
#   JVM is running with Zero Based Compressed Oops mode in which the Java heap is
#     placed in the first 32GB address space. The Java Heap base address is the
#     maximum limit for the native heap growth. Please use -XX:HeapBaseMinAddress
#     to set the Java Heap base and to place the Java Heap above 32GB virtual address.
# This output file may be truncated or incomplete.
#
#  Out of Memory Error (os_windows.cpp:3528), pid=7224, tid=17024
#
# JRE version: Java(TM) SE Runtime Environment (20.0.1+9) (build 20.0.1+9-29)
# Java VM: Java HotSpot(TM) 64-Bit Server VM (20.0.1+9-29, mixed mode, emulated-client, sharing, tiered, compressed oops, compressed class ptrs, g1 gc, windows-amd64)
# No core dump will be written. Minidumps are not enabled by default on client versions of Windows
#

---------------  S U M M A R Y ------------

Command Line: -XX:TieredStopAtLevel=1 com.innovaedu.InnovaeduApiApplication

Host: AMD Ryzen 7 5700U with Radeon Graphics         , 16 cores, 13G,  Windows 11 , 64 bit Build 26100 (10.0.26100.6725)
Time: Mon Nov 24 09:45:43 2025 Hora estándar del Este (México) elapsed time: 12.808656 seconds (0d 0h 0m 12s)

---------------  T H R E A D  ---------------

Current thread (0x0000025d4fb5b810):  VMThread "VM Thread" [stack: 0x000000ef2c900000,0x000000ef2ca00000] [id=17024]

Stack: [0x000000ef2c900000,0x000000ef2ca00000]
Native frames: (J=compiled Java code, j=interpreted, Vv=VM code, C=native code)
V  [jvm.dll+0x6bb95a]
V  [jvm.dll+0x8485fa]
V  [jvm.dll+0x84a1f5]
V  [jvm.dll+0x84a8f3]
V  [jvm.dll+0x280b0f]
V  [jvm.dll+0x6b86e9]
V  [jvm.dll+0x6ad2da]
V  [jvm.dll+0x35adf5]
V  [jvm.dll+0x363016]
V  [jvm.dll+0x3b3b3e]
V  [jvm.dll+0x3b3dc5]
V  [jvm.dll+0x32b50a]
V  [jvm.dll+0x32b5b7]
V  [jvm.dll+0x373942]
V  [jvm.dll+0x372140]
V  [jvm.dll+0x32ac51]
V  [jvm.dll+0x371836]
V  [jvm.dll+0x85023e]
V  [jvm.dll+0x851351]
V  [jvm.dll+0x851859]
V  [jvm.dll+0x851ad3]
V  [jvm.dll+0x7f4b56]
V  [jvm.dll+0x6ba5cb]
C  [ucrtbase.dll+0x37b0]
C  [KERNEL32.DLL+0x2e8d7]
C  [ntdll.dll+0x8c53c]

VM_Operation (0x000000ef2d8f80b0): G1CollectForAllocation, mode: safepoint, requested by thread 0x0000025d552e7220


---------------  P R O C E S S  ---------------

Threads class SMR info:
_java_thread_list=0x0000025d575bbd60, length=21, elements={
0x0000025d3b1bc890, 0x0000025d4fb80c80, 0x0000025d4fb817c0, 0x0000025d4fb84440,
0x0000025d4fb876d0, 0x0000025d549501c0, 0x0000025d54951650, 0x0000025d4fb8ab70,
0x0000025d54a80c30, 0x0000025d54a83440, 0x0000025d54e2d690, 0x0000025d54e83410,
0x0000025d54e89d20, 0x0000025d552e4af0, 0x0000025d552e7220, 0x0000025d566a1080,
0x0000025d5676f840, 0x0000025d5674ab80, 0x0000025d57440b00, 0x0000025d57443580,
0x0000025d57442ae0
}

Java Threads: ( => current thread )
  0x0000025d3b1bc890 JavaThread "main" [_thread_blocked, id=14460, stack(0x000000ef2c300000,0x000000ef2c400000)]
  0x0000025d4fb80c80 JavaThread "Reference Handler" daemon [_thread_blocked, id=6368, stack(0x000000ef2ca00000,0x000000ef2cb00000)]
  0x0000025d4fb817c0 JavaThread "Finalizer" daemon [_thread_blocked, id=18168, stack(0x000000ef2cb00000,0x000000ef2cc00000)]
  0x0000025d4fb84440 JavaThread "Signal Dispatcher" daemon [_thread_blocked, id=26516, stack(0x000000ef2cc00000,0x000000ef2cd00000)]
  0x0000025d4fb876d0 JavaThread "Attach Listener" daemon [_thread_blocked, id=28080, stack(0x000000ef2cd00000,0x000000ef2ce00000)]
  0x0000025d549501c0 JavaThread "Service Thread" daemon [_thread_blocked, id=10804, stack(0x000000ef2ce00000,0x000000ef2cf00000)]
  0x0000025d54951650 JavaThread "Monitor Deflation Thread" daemon [_thread_blocked, id=20932, stack(0x000000ef2cf00000,0x000000ef2d000000)]
  0x0000025d4fb8ab70 JavaThread "C1 CompilerThread0" daemon [_thread_blocked, id=26800, stack(0x000000ef2d000000,0x000000ef2d100000)]
  0x0000025d54a80c30 JavaThread "Notification Thread" daemon [_thread_blocked, id=3732, stack(0x000000ef2d200000,0x000000ef2d300000)]
  0x0000025d54a83440 JavaThread "Common-Cleaner" daemon [_thread_blocked, id=23232, stack(0x000000ef2d400000,0x000000ef2d500000)]
  0x0000025d54e2d690 JavaThread "C1 CompilerThread1" daemon [_thread_blocked, id=23640, stack(0x000000ef2d100000,0x000000ef2d200000)]
  0x0000025d54e83410 JavaThread "C1 CompilerThread2" daemon [_thread_blocked, id=22112, stack(0x000000ef2d500000,0x000000ef2d600000)]
  0x0000025d54e89d20 JavaThread "C1 CompilerThread3" daemon [_thread_blocked, id=25228, stack(0x000000ef2d600000,0x000000ef2d700000)]
  0x0000025d552e4af0 JavaThread "Thread-0" [_thread_blocked, id=17224, stack(0x000000ef2d700000,0x000000ef2d800000)]
  0x0000025d552e7220 JavaThread "restartedMain" [_thread_blocked, id=5536, stack(0x000000ef2d800000,0x000000ef2d900000)]
  0x0000025d566a1080 JavaThread "PostgreSQL-JDBC-Cleaner" daemon [_thread_blocked, id=27452, stack(0x000000ef2e800000,0x000000ef2e900000)]
  0x0000025d5676f840 JavaThread "HikariPool-1 housekeeper" daemon [_thread_blocked, id=27472, stack(0x000000ef2e900000,0x000000ef2ea00000)]
  0x0000025d5674ab80 JavaThread "HikariPool-1 connection adder" daemon [_thread_blocked, id=13916, stack(0x000000ef2ea00000,0x000000ef2eb00000)]
  0x0000025d57440b00 JavaThread "Catalina-utility-1" [_thread_blocked, id=16584, stack(0x000000ef2eb00000,0x000000ef2ec00000)]
  0x0000025d57443580 JavaThread "Catalina-utility-2" [_thread_blocked, id=12164, stack(0x000000ef2ec00000,0x000000ef2ed00000)]
  0x0000025d57442ae0 JavaThread "container-0" [_thread_blocked, id=23200, stack(0x000000ef2ed00000,0x000000ef2ee00000)]

Other Threads:
=>0x0000025d4fb5b810 VMThread "VM Thread" [stack: 0x000000ef2c900000,0x000000ef2ca00000] [id=17024]
  0x0000025d54a81180 WatcherThread "VM Periodic Task Thread" [stack: 0x000000ef2d300000,0x000000ef2d400000] [id=27572]
  0x0000025d3d3c7b00 WorkerThread "GC Thread#0" [stack: 0x000000ef2c400000,0x000000ef2c500000] [id=17548]
  0x0000025d4fb5a460 WorkerThread "GC Thread#1" [stack: 0x000000ef2d900000,0x000000ef2da00000] [id=17444]
  0x0000025d4fb5b270 WorkerThread "GC Thread#2" [stack: 0x000000ef2da00000,0x000000ef2db00000] [id=2828]
  0x0000025d4fb5b540 WorkerThread "GC Thread#3" [stack: 0x000000ef2db00000,0x000000ef2dc00000] [id=23972]
  0x0000025d4fb5acd0 WorkerThread "GC Thread#4" [stack: 0x000000ef2dc00000,0x000000ef2dd00000] [id=14340]
  0x0000025d4fb59bf0 WorkerThread "GC Thread#5" [stack: 0x000000ef2dd00000,0x000000ef2de00000] [id=28632]
  0x0000025d4fb5a190 WorkerThread "GC Thread#6" [stack: 0x000000ef2df00000,0x000000ef2e000000] [id=19692]
  0x0000025d4fb5a730 WorkerThread "GC Thread#7" [stack: 0x000000ef2e000000,0x000000ef2e100000] [id=4532]
  0x0000025d55af75e0 WorkerThread "GC Thread#8" [stack: 0x000000ef2de00000,0x000000ef2df00000] [id=22612]
  0x0000025d55af78b0 WorkerThread "GC Thread#9" [stack: 0x000000ef2e100000,0x000000ef2e200000] [id=27788]
  0x0000025d55af7040 WorkerThread "GC Thread#10" [stack: 0x000000ef2e200000,0x000000ef2e300000] [id=18884]
  0x0000025d55af59c0 WorkerThread "GC Thread#11" [stack: 0x000000ef2e300000,0x000000ef2e400000] [id=26960]
  0x0000025d55af6d70 WorkerThread "GC Thread#12" [stack: 0x000000ef2e400000,0x000000ef2e500000] [id=17964]
  0x0000025d3d3d67e0 ConcurrentGCThread "G1 Main Marker" [stack: 0x000000ef2c500000,0x000000ef2c600000] [id=13372]
  0x0000025d3d3d8080 WorkerThread "G1 Conc#0" [stack: 0x000000ef2c600000,0x000000ef2c700000] [id=19760]
  0x0000025d55af6aa0 WorkerThread "G1 Conc#1" [stack: 0x000000ef2e500000,0x000000ef2e600000] [id=23780]
  0x0000025d55af4e80 WorkerThread "G1 Conc#2" [stack: 0x000000ef2e600000,0x000000ef2e700000] [id=4984]
  0x0000025d3d40e7d0 ConcurrentGCThread "G1 Refine#0" [stack: 0x000000ef2c700000,0x000000ef2c800000] [id=23236]
  0x0000025d4fa17610 ConcurrentGCThread "G1 Service" [stack: 0x000000ef2c800000,0x000000ef2c900000] [id=19000]

Threads with active compile tasks:

VM state: at safepoint (normal execution)

VM Mutex/Monitor currently owned by a thread:  ([mutex/lock_event])
[0x0000025d3b1bb840] Threads_lock - owner thread: 0x0000025d4fb5b810
[0x0000025d3b1ba640] Heap_lock - owner thread: 0x0000025d552e7220

Heap address: 0x0000000722200000, size: 3550 MB, Compressed Oops mode: Zero based, Oop shift amount: 3

CDS archive(s) mapped at: [0x0000000800000000-0x0000000800c60000-0x0000000800c60000), size 12976128, SharedBaseAddress: 0x0000000800000000, ArchiveRelocationMode: 0.
Compressed class space mapped at: 0x0000000801000000-0x0000000841000000, reserved size: 1073741824
Narrow klass base: 0x0000000800000000, Narrow klass shift: 0, Narrow klass range: 0x100000000

GC Precious Log:
 CardTable entry size: 512
 Card Set container configuration: InlinePtr #cards 4 size 8 Array Of Cards #cards 16 size 48 Howl #buckets 8 coarsen threshold 3686 Howl Bitmap #cards 512 size 80 coarsen threshold 460 Card regions per heap region 1 cards per card region 4096
 CPUs: 16 total, 16 available
 Memory: 14197M
 Large Page Support: Disabled
 NUMA Support: Disabled
 Compressed Oops: Enabled (Zero based)
 Heap Region Size: 2M
 Heap Min Capacity: 8M
 Heap Initial Capacity: 222M
 Heap Max Capacity: 3550M
 Pre-touch: Disabled
 Parallel Workers: 13
 Concurrent Workers: 3
 Concurrent Refinement Workers: 13
 Periodic GC: Disabled

Heap:
 garbage-first heap   total 71680K, used 29779K [0x0000000722200000, 0x0000000800000000)
  region size 2048K, 3 young (6144K), 3 survivors (6144K)
 Metaspace       used 59672K, committed 60352K, reserved 1114112K
  class space    used 8537K, committed 8832K, reserved 1048576K

Heap Regions: E=young(eden), S=young(survivor), O=old, HS=humongous(starts), HC=humongous(continues), CS=collection set, F=free, OA=open archive, CA=closed archive, TAMS=top-at-mark-start, PB=parsable bottom
|   0|0x0000000722200000, 0x0000000722400000, 0x0000000722400000|100%| O|  |TAMS 0x0000000722200000| PB 0x0000000722200000| Untracked 
|   1|0x0000000722400000, 0x0000000722600000, 0x0000000722600000|100%| O|  |TAMS 0x0000000722400000| PB 0x0000000722400000| Untracked 
|   2|0x0000000722600000, 0x0000000722800000, 0x0000000722800000|100%| O|  |TAMS 0x0000000722600000| PB 0x0000000722600000| Untracked 
|   3|0x0000000722800000, 0x0000000722a00000, 0x0000000722a00000|100%| O|  |TAMS 0x0000000722800000| PB 0x0000000722800000| Untracked 
|   4|0x0000000722a00000, 0x0000000722c00000, 0x0000000722c00000|100%| O|  |TAMS 0x0000000722a00000| PB 0x0000000722a00000| Untracked 
|   5|0x0000000722c00000, 0x0000000722d23e00, 0x0000000722e00000| 57%| O|  |TAMS 0x0000000722c00000| PB 0x0000000722c00000| Untracked 
|   6|0x0000000722e00000, 0x0000000723000000, 0x0000000723000000|100%| O|  |TAMS 0x0000000722e00000| PB 0x0000000722e00000| Untracked 
|   7|0x0000000723000000, 0x0000000723200000, 0x0000000723200000|100%| O|  |TAMS 0x0000000723000000| PB 0x0000000723000000| Untracked 
|   8|0x0000000723200000, 0x0000000723400000, 0x0000000723400000|100%| O|  |TAMS 0x0000000723200000| PB 0x0000000723200000| Untracked 
|   9|0x0000000723400000, 0x0000000723600000, 0x0000000723600000|100%| O|  |TAMS 0x0000000723400000| PB 0x0000000723400000| Complete 
|  10|0x0000000723600000, 0x0000000723800000, 0x0000000723800000|100%| O|  |TAMS 0x0000000723600000| PB 0x0000000723600000| Untracked 
|  11|0x0000000723800000, 0x0000000723a00000, 0x0000000723a00000|100%| O|  |TAMS 0x0000000723800000| PB 0x0000000723800000| Untracked 
|  12|0x0000000723a00000, 0x0000000723a00000, 0x0000000723c00000|  0%| F|  |TAMS 0x0000000723a00000| PB 0x0000000723a00000| Untracked 
|  13|0x0000000723c00000, 0x0000000723c00000, 0x0000000723e00000|  0%| F|  |TAMS 0x0000000723c00000| PB 0x0000000723c00000| Untracked 
|  14|0x0000000723e00000, 0x0000000723ff10b0, 0x0000000724000000| 97%| S|CS|TAMS 0x0000000723e00000| PB 0x0000000723e00000| Complete 
|  15|0x0000000724000000, 0x0000000724200000, 0x0000000724200000|100%| S|CS|TAMS 0x0000000724000000| PB 0x0000000724000000| Complete 
|  16|0x0000000724200000, 0x0000000724400000, 0x0000000724400000|100%| S|CS|TAMS 0x0000000724200000| PB 0x0000000724200000| Complete 
|  17|0x0000000724400000, 0x0000000724400000, 0x0000000724600000|  0%| F|  |TAMS 0x0000000724400000| PB 0x0000000724400000| Untracked 
|  18|0x0000000724600000, 0x0000000724600000, 0x0000000724800000|  0%| F|  |TAMS 0x0000000724600000| PB 0x0000000724600000| Untracked 
|  19|0x0000000724800000, 0x0000000724800000, 0x0000000724a00000|  0%| F|  |TAMS 0x0000000724800000| PB 0x0000000724800000| Untracked 
|  20|0x0000000724a00000, 0x0000000724a00000, 0x0000000724c00000|  0%| F|  |TAMS 0x0000000724a00000| PB 0x0000000724a00000| Untracked 
|  21|0x0000000724c00000, 0x0000000724c00000, 0x0000000724e00000|  0%| F|  |TAMS 0x0000000724c00000| PB 0x0000000724c00000| Untracked 
|  22|0x0000000724e00000, 0x0000000724e00000, 0x0000000725000000|  0%| F|  |TAMS 0x0000000724e00000| PB 0x0000000724e00000| Untracked 
|  23|0x0000000725000000, 0x0000000725000000, 0x0000000725200000|  0%| F|  |TAMS 0x0000000725000000| PB 0x0000000725000000| Untracked 
|  24|0x0000000725200000, 0x0000000725200000, 0x0000000725400000|  0%| F|  |TAMS 0x0000000725200000| PB 0x0000000725200000| Untracked 
|  25|0x0000000725400000, 0x0000000725400000, 0x0000000725600000|  0%| F|  |TAMS 0x0000000725400000| PB 0x0000000725400000| Untracked 
|  26|0x0000000725600000, 0x0000000725600000, 0x0000000725800000|  0%| F|  |TAMS 0x0000000725600000| PB 0x0000000725600000| Untracked 
|  27|0x0000000725800000, 0x0000000725800000, 0x0000000725a00000|  0%| F|  |TAMS 0x0000000725800000| PB 0x0000000725800000| Untracked 
|  28|0x0000000725a00000, 0x0000000725a00000, 0x0000000725c00000|  0%| F|  |TAMS 0x0000000725a00000| PB 0x0000000725a00000| Untracked 
|  29|0x0000000725c00000, 0x0000000725c00000, 0x0000000725e00000|  0%| F|  |TAMS 0x0000000725c00000| PB 0x0000000725c00000| Untracked 
|  77|0x000000072bc00000, 0x000000072bc00000, 0x000000072be00000|  0%| F|  |TAMS 0x000000072bc00000| PB 0x000000072bc00000| Untracked 
|  78|0x000000072be00000, 0x000000072be00000, 0x000000072c000000|  0%| F|  |TAMS 0x000000072be00000| PB 0x000000072be00000| Untracked 
|  79|0x000000072c000000, 0x000000072c000000, 0x000000072c200000|  0%| F|  |TAMS 0x000000072c000000| PB 0x000000072c000000| Untracked 
|  80|0x000000072c200000, 0x000000072c200000, 0x000000072c400000|  0%| F|  |TAMS 0x000000072c200000| PB 0x000000072c200000| Untracked 
| 110|0x000000072fe00000, 0x000000072fe00000, 0x0000000730000000|  0%| F|  |TAMS 0x000000072fe00000| PB 0x000000072fe00000| Untracked 

Card table byte_map: [0x0000025d49160000,0x0000025d49850000] _byte_map_base: 0x0000025d4584f000

Marking Bits: (CMBitMap*) 0x0000025d3d3c8130
 Bits: [0x0000025d49f40000, 0x0000025d4d6b8000)

Polling page: 0x0000025d3b2d0000

Metaspace:

Usage:
  Non-class:     49.94 MB used.
      Class:      8.34 MB used.
       Both:     58.27 MB used.

Virtual space:
  Non-class space:       64.00 MB reserved,      50.31 MB ( 79%) committed,  1 nodes.
      Class space:        1.00 GB reserved,       8.62 MB ( <1%) committed,  1 nodes.
             Both:        1.06 GB reserved,      58.94 MB (  5%) committed. 

Chunk freelists:
   Non-Class:  832.00 KB
       Class:  3.42 MB
        Both:  4.23 MB

MaxMetaspaceSize: unlimited
CompressedClassSpaceSize: 1.00 GB
Initial GC threshold: 21.00 MB
Current GC threshold: 92.00 MB
CDS: on
MetaspaceReclaimPolicy: balanced
 - commit_granule_bytes: 65536.
 - commit_granule_words: 8192.
 - virtual_space_node_default_size: 8388608.
 - enlarge_chunks_in_place: 1.
 - new_chunks_are_fully_committed: 0.
 - uncommit_free_chunks: 1.
 - use_allocation_guard: 0.


Internal statistics:

num_allocs_failed_limit: 6.
num_arena_births: 904.
num_arena_deaths: 0.
num_vsnodes_births: 2.
num_vsnodes_deaths: 0.
num_space_committed: 943.
num_space_uncommitted: 0.
num_chunks_returned_to_freelist: 6.
num_chunks_taken_from_freelist: 3119.
num_chunk_merges: 6.
num_chunk_splits: 2258.
num_chunks_enlarged: 1757.
num_inconsistent_stats: 0.

CodeCache: size=49152Kb used=11257Kb max_used=11257Kb free=37894Kb
 bounds [0x0000025d45400000, 0x0000025d45f00000, 0x0000025d48400000]
 total_blobs=5889 nmethods=5219 adapters=592
 compilation: enabled
              stopped_count=0, restarted_count=0
 full_count=0

Compilation events (20 events):
Event: 10.201 Thread 0x0000025d4fb8ab70 nmethod 5282 0x0000025d45ef9c90 code [0x0000025d45ef9e60, 0x0000025d45efa1d0]
Event: 10.201 Thread 0x0000025d4fb8ab70 5286       1       org.springframework.core.convert.TypeDescriptor::isArray (8 bytes)
Event: 10.201 Thread 0x0000025d4fb8ab70 nmethod 5286 0x0000025d45efa390 code [0x0000025d45efa520, 0x0000025d45efa608]
Event: 10.202 Thread 0x0000025d54e2d690 nmethod 5284 0x0000025d45efa710 code [0x0000025d45efa920, 0x0000025d45efad38]
Event: 10.202 Thread 0x0000025d54e2d690 5287       1       org.springframework.beans.factory.support.AbstractAutowireCapableBeanFactory::getParameterNameDiscoverer (5 bytes)
Event: 10.202 Thread 0x0000025d54e2d690 nmethod 5287 0x0000025d45efb010 code [0x0000025d45efb180, 0x0000025d45efb250]
Event: 10.211 Thread 0x0000025d54e2d690 5288       1       org.springframework.aop.framework.AbstractAdvisingBeanPostProcessor::isEligible (61 bytes)
Event: 10.211 Thread 0x0000025d54e89d20 5289       1       java.lang.reflect.Method::acquireMethodAccessor (55 bytes)
Event: 10.212 Thread 0x0000025d54e2d690 nmethod 5288 0x0000025d45efb310 code [0x0000025d45efb4e0, 0x0000025d45efb738]
Event: 10.212 Thread 0x0000025d54e89d20 nmethod 5289 0x0000025d45efb890 code [0x0000025d45efba60, 0x0000025d45efbd68]
Event: 10.212 Thread 0x0000025d54e83410 5290       1       java.lang.invoke.LambdaForm$Name::cloneWithIndex (47 bytes)
Event: 10.213 Thread 0x0000025d54e83410 nmethod 5290 0x0000025d45efbf10 code [0x0000025d45efc0c0, 0x0000025d45efc398]
Event: 10.222 Thread 0x0000025d54e83410 5291       1       org.springframework.core.annotation.AttributeMethods::isAttributeMethod (23 bytes)
Event: 10.222 Thread 0x0000025d54e83410 nmethod 5291 0x0000025d45efc510 code [0x0000025d45efc6a0, 0x0000025d45efc798]
Event: 10.228 Thread 0x0000025d54e83410 5292   !   1       jdk.proxy1.$Proxy3::annotationType (29 bytes)
Event: 10.228 Thread 0x0000025d54e83410 nmethod 5292 0x0000025d45efc890 code [0x0000025d45efca40, 0x0000025d45efcc60]
Event: 10.234 Thread 0x0000025d54e83410 5293       1       org.springframework.beans.factory.support.AbstractBeanDefinition::getResolvedAutowireMode (59 bytes)
Event: 10.235 Thread 0x0000025d54e83410 nmethod 5293 0x0000025d45efcd90 code [0x0000025d45efcf40, 0x0000025d45efd138]
Event: 10.235 Thread 0x0000025d54e83410 5294       1       org.springframework.aop.framework.AbstractAdvisingBeanPostProcessor::postProcessAfterInitialization (218 bytes)
Event: 10.236 Thread 0x0000025d54e83410 nmethod 5294 0x0000025d45efd310 code [0x0000025d45efd5e0, 0x0000025d45efe088]

GC Heap History (19 events):
Event: 1.810 GC heap before
{Heap before GC invocations=0 (full 0):
 garbage-first heap   total 227328K, used 22528K [0x0000000722200000, 0x0000000800000000)
  region size 2048K, 11 young (22528K), 0 survivors (0K)
 Metaspace       used 3932K, committed 4160K, reserved 1114112K
  class space    used 513K, committed 640K, reserved 1048576K
}
Event: 1.815 GC heap after
{Heap after GC invocations=1 (full 0):
 garbage-first heap   total 227328K, used 7738K [0x0000000722200000, 0x0000000800000000)
  region size 2048K, 2 young (4096K), 2 survivors (4096K)
 Metaspace       used 3932K, committed 4160K, reserved 1114112K
  class space    used 513K, committed 640K, reserved 1048576K
}
Event: 2.522 GC heap before
{Heap before GC invocations=1 (full 0):
 garbage-first heap   total 227328K, used 34362K [0x0000000722200000, 0x0000000800000000)
  region size 2048K, 15 young (30720K), 2 survivors (4096K)
 Metaspace       used 9977K, committed 10240K, reserved 1114112K
  class space    used 1395K, committed 1536K, reserved 1048576K
}
Event: 2.528 GC heap after
{Heap after GC invocations=2 (full 0):
 garbage-first heap   total 227328K, used 9452K [0x0000000722200000, 0x0000000800000000)
  region size 2048K, 2 young (4096K), 2 survivors (4096K)
 Metaspace       used 9977K, committed 10240K, reserved 1114112K
  class space    used 1395K, committed 1536K, reserved 1048576K
}
Event: 4.335 GC heap before
{Heap before GC invocations=2 (full 0):
 garbage-first heap   total 227328K, used 62700K [0x0000000722200000, 0x0000000800000000)
  region size 2048K, 30 young (61440K), 2 survivors (4096K)
 Metaspace       used 19779K, committed 20160K, reserved 1114112K
  class space    used 2690K, committed 2880K, reserved 1048576K
}
Event: 4.341 GC heap after
{Heap after GC invocations=3 (full 0):
 garbage-first heap   total 227328K, used 14992K [0x0000000722200000, 0x0000000800000000)
  region size 2048K, 4 young (8192K), 4 survivors (8192K)
 Metaspace       used 19779K, committed 20160K, reserved 1114112K
  class space    used 2690K, committed 2880K, reserved 1048576K
}
Event: 5.442 GC heap before
{Heap before GC invocations=4 (full 0):
 garbage-first heap   total 61440K, used 60048K [0x0000000722200000, 0x0000000800000000)
  region size 2048K, 26 young (53248K), 4 survivors (8192K)
 Metaspace       used 24573K, committed 25024K, reserved 1114112K
  class space    used 3387K, committed 3584K, reserved 1048576K
}
Event: 5.449 GC heap after
{Heap after GC invocations=5 (full 0):
 garbage-first heap   total 71680K, used 17439K [0x0000000722200000, 0x0000000800000000)
  region size 2048K, 5 young (10240K), 5 survivors (10240K)
 Metaspace       used 24573K, committed 25024K, reserved 1114112K
  class space    used 3387K, committed 3584K, reserved 1048576K
}
Event: 6.385 GC heap before
{Heap before GC invocations=5 (full 0):
 garbage-first heap   total 71680K, used 50207K [0x0000000722200000, 0x0000000800000000)
  region size 2048K, 21 young (43008K), 5 survivors (10240K)
 Metaspace       used 29612K, committed 30144K, reserved 1114112K
  class space    used 4096K, committed 4352K, reserved 1048576K
}
Event: 6.395 GC heap after
{Heap after GC invocations=6 (full 0):
 garbage-first heap   total 71680K, used 20480K [0x0000000722200000, 0x0000000800000000)
  region size 2048K, 3 young (6144K), 3 survivors (6144K)
 Metaspace       used 29612K, committed 30144K, reserved 1114112K
  class space    used 4096K, committed 4352K, reserved 1048576K
}
Event: 6.876 GC heap before
{Heap before GC invocations=6 (full 0):
 garbage-first heap   total 71680K, used 38912K [0x0000000722200000, 0x0000000800000000)
  region size 2048K, 13 young (26624K), 3 survivors (6144K)
 Metaspace       used 33058K, committed 33600K, reserved 1114112K
  class space    used 4576K, committed 4864K, reserved 1048576K
}
Event: 6.882 GC heap after
{Heap after GC invocations=7 (full 0):
 garbage-first heap   total 71680K, used 21731K [0x0000000722200000, 0x0000000800000000)
  region size 2048K, 3 young (6144K), 3 survivors (6144K)
 Metaspace       used 33058K, committed 33600K, reserved 1114112K
  class space    used 4576K, committed 4864K, reserved 1048576K
}
Event: 7.940 GC heap before
{Heap before GC invocations=8 (full 0):
 garbage-first heap   total 71680K, used 52451K [0x0000000722200000, 0x0000000800000000)
  region size 2048K, 19 young (38912K), 3 survivors (6144K)
 Metaspace       used 42151K, committed 42688K, reserved 1114112K
  class space    used 5905K, committed 6144K, reserved 1048576K
}
Event: 7.946 GC heap after
{Heap after GC invocations=9 (full 0):
 garbage-first heap   total 71680K, used 24023K [0x0000000722200000, 0x0000000800000000)
  region size 2048K, 2 young (4096K), 2 survivors (4096K)
 Metaspace       used 42151K, committed 42688K, reserved 1114112K
  class space    used 5905K, committed 6144K, reserved 1048576K
}
Event: 8.912 GC heap before
{Heap before GC invocations=9 (full 0):
 garbage-first heap   total 71680K, used 58839K [0x0000000722200000, 0x0000000800000000)
  region size 2048K, 19 young (38912K), 2 survivors (4096K)
 Metaspace       used 51198K, committed 51776K, reserved 1114112K
  class space    used 7288K, committed 7552K, reserved 1048576K
}
Event: 8.917 GC heap after
{Heap after GC invocations=10 (full 0):
 garbage-first heap   total 71680K, used 25503K [0x0000000722200000, 0x0000000800000000)
  region size 2048K, 3 young (6144K), 3 survivors (6144K)
 Metaspace       used 51198K, committed 51776K, reserved 1114112K
  class space    used 7288K, committed 7552K, reserved 1048576K
}
Event: 9.475 GC heap before
{Heap before GC invocations=10 (full 0):
 garbage-first heap   total 71680K, used 43935K [0x0000000722200000, 0x0000000800000000)
  region size 2048K, 13 young (26624K), 3 survivors (6144K)
 Metaspace       used 55630K, committed 56256K, reserved 1114112K
  class space    used 7889K, committed 8192K, reserved 1048576K
}
Event: 9.480 GC heap after
{Heap after GC invocations=11 (full 0):
 garbage-first heap   total 71680K, used 26845K [0x0000000722200000, 0x0000000800000000)
  region size 2048K, 2 young (4096K), 2 survivors (4096K)
 Metaspace       used 55630K, committed 56256K, reserved 1114112K
  class space    used 7889K, committed 8192K, reserved 1048576K
}
Event: 10.253 GC heap before
{Heap before GC invocations=12 (full 0):
 garbage-first heap   total 71680K, used 59613K [0x0000000722200000, 0x0000000800000000)
  region size 2048K, 18 young (36864K), 2 survivors (4096K)
 Metaspace       used 59672K, committed 60352K, reserved 1114112K
  class space    used 8537K, committed 8832K, reserved 1048576K
}

Dll operation events (11 events):
Event: 0.010 Loaded shared library C:\Program Files\Java\jdk-20\bin\java.dll
Event: 0.019 Loaded shared library C:\Program Files\Java\jdk-20\bin\jsvml.dll
Event: 0.117 Loaded shared library C:\Program Files\Java\jdk-20\bin\net.dll
Event: 0.119 Loaded shared library C:\Program Files\Java\jdk-20\bin\nio.dll
Event: 0.123 Loaded shared library C:\Program Files\Java\jdk-20\bin\zip.dll
Event: 1.278 Loaded shared library C:\Program Files\Java\jdk-20\bin\jimage.dll
Event: 1.723 Loaded shared library C:\Program Files\Java\jdk-20\bin\management.dll
Event: 1.729 Loaded shared library C:\Program Files\Java\jdk-20\bin\management_ext.dll
Event: 3.110 Loaded shared library C:\Program Files\Java\jdk-20\bin\sunmscapi.dll
Event: 6.976 Loaded shared library C:\Program Files\Java\jdk-20\bin\verify.dll
Event: 7.410 Loaded shared library C:\Program Files\Java\jdk-20\bin\extnet.dll

Deoptimization events (12 events):
Event: 2.540 Thread 0x0000025d552e7220 DEOPT PACKING pc=0x0000025d4598e1e1 sp=0x000000ef2d8fd400
Event: 2.540 Thread 0x0000025d552e7220 DEOPT UNPACKING pc=0x0000025d4546a4c2 sp=0x000000ef2d8fc8e0 mode 3
Event: 2.771 Thread 0x0000025d552e7220 DEOPT PACKING pc=0x0000025d45a02c5d sp=0x000000ef2d8fd940
Event: 2.771 Thread 0x0000025d552e7220 DEOPT UNPACKING pc=0x0000025d4546a4c2 sp=0x000000ef2d8fcde8 mode 3
Event: 5.378 Thread 0x0000025d552e7220 DEOPT PACKING pc=0x0000025d45c679e1 sp=0x000000ef2d8fcea0
Event: 5.378 Thread 0x0000025d552e7220 DEOPT UNPACKING pc=0x0000025d4546a4c2 sp=0x000000ef2d8fc380 mode 3
Event: 9.579 Thread 0x0000025d552e7220 DEOPT PACKING pc=0x0000025d459eebc4 sp=0x000000ef2d8fa9a0
Event: 9.579 Thread 0x0000025d552e7220 DEOPT UNPACKING pc=0x0000025d4546a4c2 sp=0x000000ef2d8f9ef8 mode 0
Event: 9.760 Thread 0x0000025d552e7220 DEOPT PACKING pc=0x0000025d45accdf1 sp=0x000000ef2d8fcd50
Event: 9.760 Thread 0x0000025d552e7220 DEOPT UNPACKING pc=0x0000025d4546a4c2 sp=0x000000ef2d8fc258 mode 3
Event: 9.797 Thread 0x0000025d552e7220 DEOPT PACKING pc=0x0000025d45d133f5 sp=0x000000ef2d8fc670
Event: 9.797 Thread 0x0000025d552e7220 DEOPT UNPACKING pc=0x0000025d4546a4c2 sp=0x000000ef2d8fbbd8 mode 3

Classes loaded (20 events):
Event: 10.119 Loading class jdk/internal/access/JavaObjectInputFilterAccess
Event: 10.119 Loading class jdk/internal/access/JavaObjectInputFilterAccess done
Event: 10.119 Loading class jdk/internal/access/JavaSecuritySignatureAccess
Event: 10.119 Loading class jdk/internal/access/JavaSecuritySignatureAccess done
Event: 10.119 Loading class jdk/internal/access/JavaSecuritySpecAccess
Event: 10.119 Loading class jdk/internal/access/JavaSecuritySpecAccess done
Event: 10.119 Loading class jdk/internal/access/JavaxCryptoSealedObjectAccess
Event: 10.119 Loading class jdk/internal/access/JavaxCryptoSealedObjectAccess done
Event: 10.120 Loading class sun/nio/ch/Interruptible
Event: 10.120 Loading class sun/nio/ch/Interruptible done
Event: 10.120 Loading class jdk/internal/reflect/ConstantPool$Tag
Event: 10.121 Loading class jdk/internal/reflect/ConstantPool$Tag done
Event: 10.138 Loading class sun/reflect/generics/repository/FieldRepository
Event: 10.138 Loading class sun/reflect/generics/repository/FieldRepository done
Event: 10.149 Loading class java/time/DurationEditor
Event: 10.149 Loading class java/time/DurationEditor done
Event: 10.208 Loading class java/util/Collections$SynchronizedRandomAccessList
Event: 10.208 Loading class java/util/Collections$SynchronizedList
Event: 10.208 Loading class java/util/Collections$SynchronizedList done
Event: 10.208 Loading class java/util/Collections$SynchronizedRandomAccessList done

Classes unloaded (0 events):
No events

Classes redefined (0 events):
No events

Internal exceptions (20 events):
Event: 9.036 Thread 0x0000025d552e7220 Exception <a 'java/lang/NoSuchMethodError'{0x000000072c071628}: 'int java.lang.invoke.DirectMethodHandle$Holder.invokeStatic(java.lang.Object, int, java.lang.Object)'> (0x000000072c071628) 
thrown [s\open\src\hotspot\share\interpreter\linkResolver.cpp, line 773]
Event: 9.038 Thread 0x0000025d552e7220 Exception <a 'java/lang/NoSuchMethodError'{0x000000072c09bd10}: 'java.lang.Object java.lang.invoke.DirectMethodHandle$Holder.newInvokeSpecial(java.lang.Object, java.lang.Object, java.lang.Object, java.lang.Object, java.lang.Object, int, java.lang.Object)'> (0x000000072c09bd10) 
thrown [s\open\src\hotspot\share\interpreter\linkResolver.cpp, line 773]
Event: 9.043 Thread 0x0000025d552e7220 Exception <a 'java/lang/NoSuchMethodError'{0x000000072c0cf488}: 'java.lang.Object java.lang.invoke.DirectMethodHandle$Holder.newInvokeSpecial(java.lang.Object, java.lang.Object, java.lang.Object, java.lang.Object, java.lang.Object, java.lang.Object, java.lang.Object, java.lang.Object, java.lang.Object, java.lang.Object, java.lang.Object, java.lang.Object)'> (0x000000072c0cf488) 
thrown [s\open\src\hotspot\share\interpreter\linkResolver.cpp, line 773]
Event: 9.043 Thread 0x0000025d552e7220 Exception <a 'java/lang/NoSuchMethodError'{0x000000072c0d4530}: 'java.lang.Object java.lang.invoke.DirectMethodHandle$Holder.invokeSpecial(java.lang.Object, java.lang.Object, java.lang.Object, java.lang.Object, java.lang.Object, java.lang.Object, java.lang.Object, java.lang.Object, java.lang.Object, java.lang.Object, java.lang.Object, java.lang.Object, java.lang.Object)'> (0x000000072c0d4530) 
thrown [s\open\src\hotspot\share\interpreter\linkResolver.cpp, line 773]
Event: 9.044 Thread 0x0000025d552e7220 Exception <a 'java/lang/NoSuchMethodError'{0x000000072c0d9218}: 'java.lang.Object java.lang.invoke.Invokers$Holder.linkToTargetMethod(java.lang.Object, java.lang.Object, java.lang.Object, java.lang.Object, java.lang.Object, java.lang.Object, java.lang.Object, java.lang.Object, java.lang.Object, java.lang.Object, java.lang.Object, java.lang.Object)'> (0x000000072c0d9218) 
thrown [s\open\src\hotspot\share\interpreter\linkResolver.cpp, line 773]
Event: 9.092 Thread 0x0000025d552e7220 Exception <a 'java/lang/NoSuchMethodError'{0x000000072be59e30}: 'java.lang.Object java.lang.invoke.DirectMethodHandle$Holder.newInvokeSpecial(java.lang.Object, java.lang.Object, java.lang.Object, java.lang.Object, java.lang.Object, java.lang.Object)'> (0x000000072be59e30) 
thrown [s\open\src\hotspot\share\interpreter\linkResolver.cpp, line 773]
Event: 9.104 Thread 0x0000025d552e7220 Exception <a 'java/lang/NoSuchMethodError'{0x000000072bebf608}: 'java.lang.Object java.lang.invoke.DirectMethodHandle$Holder.newInvokeSpecial(java.lang.Object, java.lang.Object, java.lang.Object, java.lang.Object, java.lang.Object, java.lang.Object, java.lang.Object, int)'> (0x000000072bebf608) 
thrown [s\open\src\hotspot\share\interpreter\linkResolver.cpp, line 773]
Event: 9.105 Thread 0x0000025d552e7220 Exception <a 'java/lang/NoSuchMethodError'{0x000000072bec4628}: 'java.lang.Object java.lang.invoke.DirectMethodHandle$Holder.invokeSpecial(java.lang.Object, java.lang.Object, java.lang.Object, java.lang.Object, java.lang.Object, java.lang.Object, java.lang.Object, java.lang.Object, int)'> (0x000000072bec4628) 
thrown [s\open\src\hotspot\share\interpreter\linkResolver.cpp, line 773]
Event: 9.105 Thread 0x0000025d552e7220 Exception <a 'java/lang/NoSuchMethodError'{0x000000072bec9100}: 'java.lang.Object java.lang.invoke.Invokers$Holder.linkToTargetMethod(java.lang.Object, java.lang.Object, java.lang.Object, java.lang.Object, java.lang.Object, java.lang.Object, int, java.lang.Object)'> (0x000000072bec9100) 
thrown [s\open\src\hotspot\share\interpreter\linkResolver.cpp, line 773]
Event: 9.134 Thread 0x0000025d552e7220 Exception <a 'java/lang/NoSuchMethodError'{0x000000072bfc74f8}: 'java.lang.Object java.lang.invoke.DirectMethodHandle$Holder.newInvokeSpecial(java.lang.Object, java.lang.Object, int, java.lang.Object, int, java.lang.Object, java.lang.Object)'> (0x000000072bfc74f8) 
thrown [s\open\src\hotspot\share\interpreter\linkResolver.cpp, line 773]
Event: 9.143 Thread 0x0000025d552e7220 Exception <a 'java/lang/NoSuchMethodError'{0x000000072bc0b460}: 'void java.lang.invoke.DirectMethodHandle$Holder.invokeInterface(java.lang.Object, java.lang.Object)'> (0x000000072bc0b460) 
thrown [s\open\src\hotspot\share\interpreter\linkResolver.cpp, line 773]
Event: 9.321 Thread 0x0000025d552e7220 Exception <a 'java/lang/NoSuchMethodError'{0x0000000725ddc4d8}: 'java.lang.Object java.lang.invoke.DirectMethodHandle$Holder.invokeSpecial(java.lang.Object, java.lang.Object, int, java.lang.Object, int)'> (0x0000000725ddc4d8) 
thrown [s\open\src\hotspot\share\interpreter\linkResolver.cpp, line 773]
Event: 9.399 Thread 0x0000025d552e7220 Exception <a 'java/lang/IncompatibleClassChangeError'{0x000000072595c228}: Found class java.lang.Object, but interface was expected> (0x000000072595c228) 
thrown [s\open\src\hotspot\share\interpreter\linkResolver.cpp, line 840]
Event: 9.410 Thread 0x0000025d552e7220 Exception <a 'java/lang/IncompatibleClassChangeError'{0x00000007259e36f0}: Found class java.lang.Object, but interface was expected> (0x00000007259e36f0) 
thrown [s\open\src\hotspot\share\interpreter\linkResolver.cpp, line 840]
Event: 9.452 Thread 0x0000025d552e7220 Exception <a 'java/lang/IncompatibleClassChangeError'{0x000000072574e1c0}: Found class java.lang.Object, but interface was expected> (0x000000072574e1c0) 
thrown [s\open\src\hotspot\share\interpreter\linkResolver.cpp, line 840]
Event: 9.611 Thread 0x0000025d552e7220 Exception <a 'java/lang/IncompatibleClassChangeError'{0x000000072c1380f0}: Found class java.lang.Object, but interface was expected> (0x000000072c1380f0) 
thrown [s\open\src\hotspot\share\interpreter\linkResolver.cpp, line 840]
Event: 9.693 Thread 0x0000025d552e7220 Exception <a 'java/lang/IncompatibleClassChangeError'{0x000000072bc135b8}: Found class java.lang.Object, but interface was expected> (0x000000072bc135b8) 
thrown [s\open\src\hotspot\share\interpreter\linkResolver.cpp, line 840]
Event: 9.803 Thread 0x0000025d552e7220 Exception <a 'java/lang/NoSuchMethodError'{0x0000000725a5d330}: 'long java.lang.invoke.DirectMethodHandle$Holder.invokeVirtual(java.lang.Object, java.lang.Object)'> (0x0000000725a5d330) 
thrown [s\open\src\hotspot\share\interpreter\linkResolver.cpp, line 773]
Event: 9.810 Thread 0x0000025d552e7220 Exception <a 'java/io/FileNotFoundException'{0x0000000725a8a5e0}> (0x0000000725a8a5e0) 
thrown [s\open\src\hotspot\share\prims\jni.cpp, line 519]
Event: 10.160 Thread 0x0000025d552e7220 Exception <a 'java/lang/NoSuchMethodError'{0x0000000724c3c840}: 'java.lang.Object java.lang.invoke.DirectMethodHandle$Holder.newInvokeSpecial(java.lang.Object, java.lang.Object, java.lang.Object, java.lang.Object, java.lang.Object, java.lang.Object, java.lang.Object, java.lang.Object)'> (0x0000000724c3c840) 
thrown [s\open\src\hotspot\share\interpreter\linkResolver.cpp, line 773]

VM Operations (20 events):
Event: 8.917 Executing VM operation: G1CollectForAllocation done
Event: 9.475 Executing VM operation: CollectForMetadataAllocation
Event: 9.480 Executing VM operation: CollectForMetadataAllocation done
Event: 9.495 Executing VM operation: G1PauseRemark
Event: 9.499 Executing VM operation: G1PauseRemark done
Event: 9.504 Executing VM operation: G1PauseCleanup
Event: 9.504 Executing VM operation: G1PauseCleanup done
Event: 9.578 Executing VM operation: HandshakeAllThreads
Event: 9.578 Executing VM operation: HandshakeAllThreads done
Event: 9.625 Executing VM operation: HandshakeAllThreads
Event: 9.625 Executing VM operation: HandshakeAllThreads done
Event: 9.626 Executing VM operation: HandshakeAllThreads
Event: 9.626 Executing VM operation: HandshakeAllThreads done
Event: 9.767 Executing VM operation: HandshakeAllThreads
Event: 9.767 Executing VM operation: HandshakeAllThreads done
Event: 9.768 Executing VM operation: HandshakeAllThreads
Event: 9.768 Executing VM operation: HandshakeAllThreads done
Event: 9.815 Executing VM operation: HandshakeAllThreads
Event: 9.815 Executing VM operation: HandshakeAllThreads done
Event: 10.253 Executing VM operation: G1CollectForAllocation

Events (20 events):
Event: 9.498 Thread 0x0000025d4fb5b810 flushing nmethod 0x0000025d45aeea90
Event: 9.498 Thread 0x0000025d4fb5b810 flushing nmethod 0x0000025d45a8ff10
Event: 9.498 Thread 0x0000025d4fb5b810 flushing nmethod 0x0000025d45aa7a90
Event: 9.498 Thread 0x0000025d4fb5b810 flushing nmethod 0x0000025d45aa7710
Event: 9.498 Thread 0x0000025d4fb5b810 flushing nmethod 0x0000025d45a8fa90
Event: 9.498 Thread 0x0000025d4fb5b810 flushing nmethod 0x0000025d45a7c310
Event: 9.498 Thread 0x0000025d4fb5b810 flushing nmethod 0x0000025d45a49a90
Event: 9.498 Thread 0x0000025d4fb5b810 flushing nmethod 0x0000025d459c7510
Event: 9.498 Thread 0x0000025d4fb5b810 flushing nmethod 0x0000025d4587d190
Event: 9.498 Thread 0x0000025d4fb5b810 flushing nmethod 0x0000025d4585e790
Event: 9.498 Thread 0x0000025d4fb5b810 flushing nmethod 0x0000025d45847610
Event: 9.498 Thread 0x0000025d4fb5b810 flushing nmethod 0x0000025d45835710
Event: 9.498 Thread 0x0000025d4fb5b810 flushing nmethod 0x0000025d457d5610
Event: 9.498 Thread 0x0000025d4fb5b810 flushing nmethod 0x0000025d457d8490
Event: 9.498 Thread 0x0000025d4fb5b810 flushing nmethod 0x0000025d45611a90
Event: 9.498 Thread 0x0000025d4fb5b810 flushing nmethod 0x0000025d455b8c90
Event: 9.498 Thread 0x0000025d4fb5b810 flushing nmethod 0x0000025d45528d10
Event: 9.820 Thread 0x0000025d57440b00 Thread added: 0x0000025d57440b00
Event: 9.822 Thread 0x0000025d57443580 Thread added: 0x0000025d57443580
Event: 9.827 Thread 0x0000025d57442ae0 Thread added: 0x0000025d57442ae0


Dynamic libraries:
0x00007ff74ba50000 - 0x00007ff74ba60000 	C:\Program Files\Java\jdk-20\bin\java.exe
0x00007ff81e880000 - 0x00007ff81eae8000 	C:\WINDOWS\SYSTEM32\ntdll.dll
0x00007ff81c850000 - 0x00007ff81c919000 	C:\WINDOWS\System32\KERNEL32.DLL
0x00007ff81bf90000 - 0x00007ff81c382000 	C:\WINDOWS\System32\KERNELBASE.dll
0x00007ff81ba10000 - 0x00007ff81bb5b000 	C:\WINDOWS\System32\ucrtbase.dll
0x00007ff816330000 - 0x00007ff81634b000 	C:\Program Files\Java\jdk-20\bin\VCRUNTIME140.dll
0x00007ffff5300000 - 0x00007ffff5319000 	C:\Program Files\Java\jdk-20\bin\jli.dll
0x00007ff81dc70000 - 0x00007ff81dd24000 	C:\WINDOWS\System32\ADVAPI32.dll
0x00007ff81dd30000 - 0x00007ff81ddd9000 	C:\WINDOWS\System32\msvcrt.dll
0x00007ff81d240000 - 0x00007ff81d2e6000 	C:\WINDOWS\System32\sechost.dll
0x00007ff81e720000 - 0x00007ff81e838000 	C:\WINDOWS\System32\RPCRT4.dll
0x00007ff81d2f0000 - 0x00007ff81d4b5000 	C:\WINDOWS\System32\USER32.dll
0x00007ff81bd70000 - 0x00007ff81bd97000 	C:\WINDOWS\System32\win32u.dll
0x00007ff81de10000 - 0x00007ff81de3b000 	C:\WINDOWS\System32\GDI32.dll
0x00007ffff1cb0000 - 0x00007ffff1f43000 	C:\WINDOWS\WinSxS\amd64_microsoft.windows.common-controls_6595b64144ccf1df_6.0.26100.6899_none_3e0efeeae32e88c1\COMCTL32.dll
0x00007ff81bda0000 - 0x00007ff81becd000 	C:\WINDOWS\System32\gdi32full.dll
0x00007ff81c430000 - 0x00007ff81c4d3000 	C:\WINDOWS\System32\msvcp_win.dll
0x00007ff814b80000 - 0x00007ff814b8b000 	C:\WINDOWS\SYSTEM32\VERSION.dll
0x00007ff81cfc0000 - 0x00007ff81cfef000 	C:\WINDOWS\System32\IMM32.DLL
0x00007ff818800000 - 0x00007ff81880c000 	C:\Program Files\Java\jdk-20\bin\vcruntime140_1.dll
0x00007fffd5e20000 - 0x00007fffd5eae000 	C:\Program Files\Java\jdk-20\bin\msvcp140.dll
0x00007fffa7750000 - 0x00007fffa83e7000 	C:\Program Files\Java\jdk-20\bin\server\jvm.dll
0x00007ff814670000 - 0x00007ff8146a5000 	C:\WINDOWS\SYSTEM32\WINMM.dll
0x00007fffe6bc0000 - 0x00007fffe6bca000 	C:\WINDOWS\SYSTEM32\WSOCK32.dll
0x00007ff81e3c0000 - 0x00007ff81e434000 	C:\WINDOWS\System32\WS2_32.dll
0x00007ff81a7e0000 - 0x00007ff81a7fb000 	C:\WINDOWS\SYSTEM32\kernel.appcore.dll
0x00007ffff5330000 - 0x00007ffff533a000 	C:\Program Files\Java\jdk-20\bin\jimage.dll
0x00007ff80e200000 - 0x00007ff80e442000 	C:\WINDOWS\SYSTEM32\DBGHELP.DLL
0x00007ff81c9e0000 - 0x00007ff81cd5b000 	C:\WINDOWS\System32\combase.dll
0x00007ff81d000000 - 0x00007ff81d0d7000 	C:\WINDOWS\System32\OLEAUT32.dll
0x00007ff80e1a0000 - 0x00007ff80e1dc000 	C:\WINDOWS\SYSTEM32\dbgcore.DLL
0x00007ff81c390000 - 0x00007ff81c428000 	C:\WINDOWS\System32\bcryptPrimitives.dll
0x00007ffff52a0000 - 0x00007ffff52c6000 	C:\Program Files\Java\jdk-20\bin\java.dll
0x00007fffd0a70000 - 0x00007fffd0b47000 	C:\Program Files\Java\jdk-20\bin\jsvml.dll
0x00007ff81d510000 - 0x00007ff81dc5d000 	C:\WINDOWS\System32\SHELL32.dll
0x00007ff81c4e0000 - 0x00007ff81c64b000 	C:\WINDOWS\System32\wintypes.dll
0x00007ff8196a0000 - 0x00007ff819efd000 	C:\WINDOWS\SYSTEM32\windows.storage.dll
0x00007ff81ce30000 - 0x00007ff81cf22000 	C:\WINDOWS\System32\SHCORE.dll
0x00007ff81de40000 - 0x00007ff81dea2000 	C:\WINDOWS\System32\shlwapi.dll
0x00007ff81b930000 - 0x00007ff81b959000 	C:\WINDOWS\SYSTEM32\profapi.dll
0x00007fffef4a0000 - 0x00007fffef4b3000 	C:\Program Files\Java\jdk-20\bin\net.dll
0x00007ff814a30000 - 0x00007ff814b4f000 	C:\WINDOWS\SYSTEM32\WINHTTP.dll
0x00007ff81ad50000 - 0x00007ff81adbb000 	C:\WINDOWS\system32\mswsock.dll
0x00007fffed910000 - 0x00007fffed926000 	C:\Program Files\Java\jdk-20\bin\nio.dll
0x00007fffebba0000 - 0x00007fffebbb8000 	C:\Program Files\Java\jdk-20\bin\zip.dll
0x00007fffef140000 - 0x00007fffef14a000 	C:\Program Files\Java\jdk-20\bin\management.dll
0x00007fffedbd0000 - 0x00007fffedbdb000 	C:\Program Files\Java\jdk-20\bin\management_ext.dll
0x00007ff81cd90000 - 0x00007ff81cd98000 	C:\WINDOWS\System32\PSAPI.DLL
0x00007fffed900000 - 0x00007fffed90e000 	C:\Program Files\Java\jdk-20\bin\sunmscapi.dll
0x00007ff81bb60000 - 0x00007ff81bcd7000 	C:\WINDOWS\System32\CRYPT32.dll
0x00007ff81b220000 - 0x00007ff81b250000 	C:\WINDOWS\SYSTEM32\ncrypt.dll
0x00007ff81b1d0000 - 0x00007ff81b20f000 	C:\WINDOWS\SYSTEM32\NTASN1.dll
0x00007ff81b010000 - 0x00007ff81b02b000 	C:\WINDOWS\SYSTEM32\CRYPTSP.dll
0x00007ff81a740000 - 0x00007ff81a77b000 	C:\WINDOWS\system32\rsaenh.dll
0x00007ff81adf0000 - 0x00007ff81ae1b000 	C:\WINDOWS\SYSTEM32\USERENV.dll
0x00007ff81b900000 - 0x00007ff81b926000 	C:\WINDOWS\SYSTEM32\bcrypt.dll
0x00007ff81b000000 - 0x00007ff81b00c000 	C:\WINDOWS\SYSTEM32\CRYPTBASE.dll
0x00007ff81a250000 - 0x00007ff81a284000 	C:\WINDOWS\SYSTEM32\IPHLPAPI.DLL
0x00007ff81dc60000 - 0x00007ff81dc6a000 	C:\WINDOWS\System32\NSI.dll
0x00007ff815650000 - 0x00007ff81566e000 	C:\WINDOWS\SYSTEM32\dhcpcsvc6.DLL
0x00007ff814b90000 - 0x00007ff814bb3000 	C:\WINDOWS\SYSTEM32\dhcpcsvc.DLL
0x00007ff81a2f0000 - 0x00007ff81a416000 	C:\WINDOWS\SYSTEM32\DNSAPI.dll
0x00007ffff5290000 - 0x00007ffff52a0000 	C:\Program Files\Java\jdk-20\bin\verify.dll
0x00007ff80f580000 - 0x00007ff80f58b000 	C:\Windows\System32\rasadhlp.dll
0x00007ff812250000 - 0x00007ff8122d6000 	C:\WINDOWS\System32\fwpuclnt.dll
0x00007fffeba70000 - 0x00007fffeba77000 	C:\Program Files\Java\jdk-20\bin\extnet.dll

dbghelp: loaded successfully - version: 4.0.5 - missing functions: none
symbol engine: initialized successfully - sym options: 0x614 - pdb path: .;C:\Program Files\Java\jdk-20\bin;C:\WINDOWS\SYSTEM32;C:\WINDOWS\WinSxS\amd64_microsoft.windows.common-controls_6595b64144ccf1df_6.0.26100.6899_none_3e0efeeae32e88c1;C:\Program Files\Java\jdk-20\bin\server

VM Arguments:
jvm_args: -XX:TieredStopAtLevel=1 
java_command: com.innovaedu.InnovaeduApiApplication
java_class_path (initial): D:\GitHubDesktop\innovaEdu\innovaedu-api\target\classes;C:\Users\Canopus\.m2\repository\org\aspectj\aspectjweaver\1.9.22.1\aspectjweaver-1.9.22.1.jar;C:\Users\Canopus\.m2\repository\com\zaxxer\HikariCP\5.1.0\HikariCP-5.1.0.jar;C:\Users\Canopus\.m2\repository\org\springframework\spring-jdbc\6.1.11\spring-jdbc-6.1.11.jar;C:\Users\Canopus\.m2\repository\org\hibernate\orm\hibernate-core\6.5.2.Final\hibernate-core-6.5.2.Final.jar;C:\Users\Canopus\.m2\repository\jakarta\persistence\jakarta.persistence-api\3.1.0\jakarta.persistence-api-3.1.0.jar;C:\Users\Canopus\.m2\repository\jakarta\transaction\jakarta.transaction-api\2.0.1\jakarta.transaction-api-2.0.1.jar;C:\Users\Canopus\.m2\repository\org\jboss\logging\jboss-logging\3.5.3.Final\jboss-logging-3.5.3.Final.jar;C:\Users\Canopus\.m2\repository\org\hibernate\common\hibernate-commons-annotations\6.0.6.Final\hibernate-commons-annotations-6.0.6.Final.jar;C:\Users\Canopus\.m2\repository\io\smallrye\jandex\3.1.2\jandex-3.1.2.jar;C:\Users\Canopus\.m2\repository\com\fasterxml\classmate\1.7.0\classmate-1.7.0.jar;C:\Users\Canopus\.m2\repository\net\bytebuddy\byte-buddy\1.14.18\byte-buddy-1.14.18.jar;C:\Users\Canopus\.m2\repository\org\glassfish\jaxb\jaxb-runtime\4.0.5\jaxb-runtime-4.0.5.jar;C:\Users\Canopus\.m2\repository\org\glassfish\jaxb\jaxb-core\4.0.5\jaxb-core-4.0.5.jar;C:\Users\Canopus\.m2\repository\org\eclipse\angus\angus-activation\2.0.2\angus-activation-2.0.2.jar;C:\Users\Canopus\.m2\repository\org\glassfish\jaxb\txw2\4.0.5\txw2-4.0.5.jar;C:\Users\Canopus\.m2\repository\com\sun\istack\istack-commons-runtime\4.1.2\istack-commons-runtime-4.1.2.jar;C:\Users\Canopus\.m2\repository\jakarta\inject\jakarta.inject-api\2.0.1\jakarta.inject-api-2.0.1.jar;C:\Users\Canopus\.m2\repository\org\antlr\antlr4-runtime\4.13.0\antlr4-runtime-4.13.0.jar;C:\Users\Canopus\.m2\repository\org\springframework\data\spring-data-jpa\3.3.2\spring-data-jpa-3.3.2.jar;C:\Users\Canopus\.m2\repository\org\springframework\data\spring-data-commons\3.3.2\spring-data-commons-3.3.2.jar;C:\Users\Canopus\.m2\repository\org\springframework\spring-orm\6.1.11\spring-orm-6.1.11.jar;C:\Users\Canopus\.m2\repository\org\springframework\spring-context\6.1.11\spring-context-6.1.11.jar;C:\Users\Canopus\.m2\repository\org\springframework\spring-tx\6.1.11\spring-tx-6.1.11.jar;C:\Users\Canopus\.m2\repository\org\springframework\spring-beans\6.1.11\spring-beans-6.1.11.jar;C:\Users\Canopus\.m2\repository\jakarta\annotation\jakarta.annotation-api\2.1.1\jakarta.annotation-api-2.1.1.jar;C:\Users\Canopus\.m2\repository\org\slf4j\slf4j-api\2.0.13\slf4j-api-2.0.13.jar;C:\Users\Canopus\.m2\repository\org\springframework\spring-aspects\6.1.11\spring-aspects-6.1.11.jar;C:\Users\Canopus\.m2\repository\ch\qos\logback\logback-classic\1.5.6\logback-classic-1.5.6.jar;C:\Users\Canopus\.m2\repository\ch\qos\logback\logback-core\1.5.6\logback-core-1.5.6.jar;C:\Users\Canopus\.m2\repository\org\apache\logging\log4j\log4j-to-slf4j\2.23.1\log4j-to-slf4j-2.23.1.jar;C:\Users\Canopus\.m2\repository\org\apache\logging\log4j\log4j-api\2.23.1\log4j-api-2.23.1.jar;C:\Users\Canopus\.m2\repository\org\slf4j\jul-to-slf4j\2.0.13\jul-to-slf4j-2.0.13.jar;C:\Users\Canopus\.m2\repository\org\yaml\snakeyaml\2.2\snakeyaml-2.2.jar;C:\Users\Canopus\.m2\repository\org\springframework\spring-aop\6.1.11\spring-aop-6.1.11.jar;C:\Users\Canopus\.m2\repository\org\springframework\security\spring-security-config\6.3.1\spring-security-config-6.3.1.jar;C:\Users\Canopus\.m2\repository\org\springframework\security\spring-security-core\6.3.1\spring-security-core-6.3.1.jar;C:\Users\Canopus\.m2\repository\org\springframework\security\spring-security-crypto\6.3.1\spring-security-crypto-6.3.1.jar;C:\Users\Canopus\.m2\repository\org\springframework\security\spring-security-web\6.3.1\spring-security-web-6.3.1.jar;C:\Users\Canopus\.m2\repository\org\springframework\spring-expression\6.1.11\spring-expression-6.1.11.jar;C:\Users\Canopus\.m2\repository\org\apache\tomcat\embed\tomcat-embed-el\10.1.26\tomcat-embed-el-10.1.26.jar;C:\Users\Canopus\.m2\repository\org\hibernate\validator\hibernate-validator\8.0.1.Final\hibernate-validator-8.0.1.Final.jar;C:\Users\Canopus\.m2\repository\jakarta\validation\jakarta.validation-api\3.0.2\jakarta.validation-api-3.0.2.jar;C:\Users\Canopus\.m2\repository\com\fasterxml\jackson\datatype\jackson-datatype-jdk8\2.17.2\jackson-datatype-jdk8-2.17.2.jar;C:\Users\Canopus\.m2\repository\com\fasterxml\jackson\datatype\jackson-datatype-jsr310\2.17.2\jackson-datatype-jsr310-2.17.2.jar;C:\Users\Canopus\.m2\repository\com\fasterxml\jackson\module\jackson-module-parameter-names\2.17.2\jackson-module-parameter-names-2.17.2.jar;C:\Users\Canopus\.m2\repository\org\apache\tomcat\embed\tomcat-embed-core\10.1.26\tomcat-embed-core-10.1.26.jar;C:\Users\Canopus\.m2\repository\org\apache\tomcat\embed\tomcat-embed-websocket\10.1.26\tomcat-embed-websocket-10.1.26.jar;C:\Users\Canopus\.m2\repository\org\springframework\spring-web\6.1.11\spring-web-6.1.11.jar;C:\Users\Canopus\.m2\repository\io\micrometer\micrometer-observation\1.13.2\micrometer-observation-1.13.2.jar;C:\Users\Canopus\.m2\repository\io\micrometer\micrometer-commons\1.13.2\micrometer-commons-1.13.2.jar;C:\Users\Canopus\.m2\repository\org\springframework\spring-webmvc\6.1.11\spring-webmvc-6.1.11.jar;C:\Users\Canopus\.m2\repository\org\springframework\boot\spring-boot-devtools\3.3.2\spring-boot-devtools-3.3.2.jar;C:\Users\Canopus\.m2\repository\org\springframework\boot\spring-boot\3.3.2\spring-boot-3.3.2.jar;C:\Users\Canopus\.m2\repository\org\springframework\boot\spring-boot-autoconfigure\3.3.2\spring-boot-autoconfigure-3.3.2.jar;C:\Users\Canopus\.m2\repository\org\projectlombok\lombok\1.18.34\lombok-1.18.34.jar;C:\Users\Canopus\.m2\repository\org\modelmapper\modelmapper\3.0.0\modelmapper-3.0.0.jar;C:\Users\Canopus\.m2\repository\io\jsonwebtoken\jjwt-api\0.11.5\jjwt-api-0.11.5.jar;C:\Users\Canopus\.m2\repository\io\jsonwebtoken\jjwt-impl\0.11.5\jjwt-impl-0.11.5.jar;C:\Users\Canopus\.m2\repository\io\jsonwebtoken\jjwt-jackson\0.11.5\jjwt-jackson-0.11.5.jar;C:\Users\Canopus\.m2\repository\com\fasterxml\jackson\core\jackson-databind\2.17.2\jackson-databind-2.17.2.jar;C:\Users\Canopus\.m2\repository\com\fasterxml\jackson\core\jackson-annotations\2.17.2\jackson-annotations-2.17.2.jar;C:\Users\Canopus\.m2\repository\com\fasterxml\jackson\core\jackson-core\2.17.2\jackson-core-2.17.2.jar;C:\Users\Canopus\.m2\repository\org\springdoc\springdoc-openapi-starter-webmvc-ui\2.0.3\springdoc-openapi-starter-webmvc-ui-2.0.3.jar;C:\Users\Canopus\.m2\repository\org\springdoc\springdoc-openapi-starter-webmvc-api\2.0.3\springdoc-openapi-starter-webmvc-api-2.0.3.jar;C:\Users\Canopus\.m2\repository\org\springdoc\springdoc-openapi-starter-common\2.0.3\springdoc-openapi-starter-common-2.0.3.jar;C:\Users\Canopus\.m2\repository\io\swagger\core\v3\swagger-core-jakarta\2.2.8\swagger-core-jakarta-2.2.8.jar;C:\Users\Canopus\.m2\repository\org\apache\commons\commons-lang3\3.14.0\commons-lang3-3.14.0.jar;C:\Users\Canopus\.m2\repository\io\swagger\core\v3\swagger-annotations-jakarta\2.2.8\swagger-annotations-jakarta-2.2.8.jar;C:\Users\Canopus\.m2\repository\io\swagger\core\v3\swagger-models-jakarta\2.2.8\swagger-models-jakarta-2.2.8.jar;C:\Users\Canopus\.m2\repository\com\fasterxml\jackson\dataformat\jackson-dataformat-yaml\2.17.2\jackson-dataformat-yaml-2.17.2.jar;C:\Users\Canopus\.m2\repository\org\webjars\swagger-ui\4.17.1\swagger-ui-4.17.1.jar;C:\Users\Canopus\.m2\repository\org\webjars\webjars-locator-core\0.58\webjars-locator-core-0.58.jar;C:\Users\Canopus\.m2\repository\io\github\classgraph\classgraph\4.8.149\classgraph-4.8.149.jar;C:\Users\Canopus\.m2\repository\org\postgresql\postgresql\42.7.3\postgresql-42.7.3.jar;C:\Users\Canopus\.m2\repository\org\checkerframework\checker-qual\3.42.0\checker-qual-3.42.0.jar;C:\Users\Canopus\.m2\repository\jakarta\xml\bind\jakarta.xml.bind-api\4.0.2\jakarta.xml.bind-api-4.0.2.jar;C:\Users\Canopus\.m2\repository\jakarta\activation\jakarta.activation-api\2.1.3\jakarta.activation-api-2.1.3.jar;C:\Users\Canopus\.m2\repository\org\springframework\spring-core\6.1.11\spring-core-6.1.11.jar;C:\Users\Canopus\.m2\repository\org\springframework\spring-jcl\6.1.11\spring-jcl-6.1.11.jar
Launcher Type: SUN_STANDARD

[Global flags]
     intx CICompilerCount                          = 12                                        {product} {ergonomic}
     uint ConcGCThreads                            = 3                                         {product} {ergonomic}
     uint G1ConcRefinementThreads                  = 13                                        {product} {ergonomic}
   size_t G1HeapRegionSize                         = 2097152                                   {product} {ergonomic}
    uintx GCDrainStackTargetSize                   = 64                                        {product} {ergonomic}
   size_t InitialHeapSize                          = 232783872                                 {product} {ergonomic}
   size_t MarkStackSize                            = 4194304                                   {product} {ergonomic}
   size_t MaxHeapSize                              = 3722444800                                {product} {ergonomic}
   size_t MaxNewSize                               = 2233466880                                {product} {ergonomic}
   size_t MinHeapDeltaBytes                        = 2097152                                   {product} {ergonomic}
   size_t MinHeapSize                              = 8388608                                   {product} {ergonomic}
    uintx NonProfiledCodeHeapSize                  = 0                                      {pd product} {ergonomic}
     bool ProfileInterpreter                       = false                                  {pd product} {command line}
    uintx ProfiledCodeHeapSize                     = 0                                      {pd product} {ergonomic}
   size_t SoftMaxHeapSize                          = 3722444800                             {manageable} {ergonomic}
     intx TieredStopAtLevel                        = 1                                         {product} {command line}
     bool UseCompressedClassPointers               = true                           {product lp64_product} {ergonomic}
     bool UseCompressedOops                        = true                           {product lp64_product} {ergonomic}
     bool UseG1GC                                  = true                                      {product} {ergonomic}
     bool UseLargePagesIndividualAllocation        = false                                  {pd product} {ergonomic}

Logging:
Log output configuration:
 #0: stdout all=warning uptime,level,tags foldmultilines=false
 #1: stderr all=off uptime,level,tags foldmultilines=false

Environment Variables:
JAVA_HOME=C:\Program Files\Java\jdk-20
CLASSPATH=D:\LINGO64_21\Lingo21.jar
PATH=C:\Python314\Scripts\;C:\Python314\;C:\Program Files\Common Files\Oracle\Java\javapath;D:\VMware Workstation Player\bin\;C:\Program Files (x86)\Common Files\Oracle\Java\javapath;C:\WINDOWS\system32;C:\WINDOWS;C:\WINDOWS\System32\Wbem;C:\WINDOWS\System32\WindowsPowerShell\v1.0\;C:\WINDOWS\System32\OpenSSH\;D:\Git\cmd;C:\Program Files\Java\jdk-20\bin;C:\Program Files\Calibre2\;C:\Program Files (x86)\Microsoft SQL Server\160\Tools\Binn\;C:\Program Files\Microsoft SQL Server\160\Tools\Binn\;C:\Program Files\Microsoft SQL Server\Client SDK\ODBC\170\Tools\Binn\;C:\Program Files\Microsoft SQL Server\160\DTS\Binn\;C:\Program Files\Azure Data Studio\bin;C:\Program Files (x86)\Microsoft SQL Server\160\DTS\Binn\;C:\xampp\php;D:\LINGO64_21\;C:\Program Files\Docker\Docker\resources\bin;C:\Program Files\GitHub CLI\;C:\Program Files\nodejs\;C:\ProgramData\chocolatey\bin;C:\Program Files\MySQL\MySQL Shell 8.0\bin\;C:\Users\Canopus\AppData\Local\Programs\Python\Python312\Scripts\;C:\Users\Canopus\AppData\Local\Programs\Python\Python312\;C:\Users\Canopus\AppData\Local\Microsoft\WindowsApps;D:\Visual Studio Code\bin;C:\Program Files\Azure Data Studio\bin;C:\Users\Canopus\AppData\Local\Programs\cursor\resources\app\bin;C:\Users\Canopus\AppData\Local\GitHubDesktop\bin;C:\Users\Canopus\AppData\Roaming\Python\Scripts;C:\Users\Canopus\AppData\Roaming\Python\Python312\Scripts;D:\Git\git-bash.exe;C:\ProgramData\Microsoft\Windows\Start Menu\Programs\Git\Git Bash.lnk;C:\Users\Canopus\AppData\Roaming\npm\opencode.cmd;D:\mplayer-svn-38151-x86_64-d;C:\Users\Canopus\AppData\Roaming\Programs\Zero Install;C:\Users\Canopus\AppData\Roaming\npm;C:\Users\Canopus\AppData\Local\Programs\Antigravity\bin;c:\Users\Canopus\.antigravity\extensions\vscjava.vscode-java-debug-0.58.3-universal\bundled\scripts\noConfigScripts
USERNAME=Canopus
LANG=en_US.UTF-8
OS=Windows_NT
PROCESSOR_IDENTIFIER=AMD64 Family 23 Model 104 Stepping 1, AuthenticAMD
TMP=C:\Users\Canopus\AppData\Local\Temp
TEMP=C:\Users\Canopus\AppData\Local\Temp




---------------  S Y S T E M  ---------------

OS:
 Windows 11 , 64 bit Build 26100 (10.0.26100.6725)
OS uptime: 1 days 11:32 hours

CPU: total 16 (initial active 16) (16 cores per cpu, 2 threads per core) family 23 model 104 stepping 1 microcode 0x8608102, cx8, cmov, fxsr, ht, mmx, 3dnowpref, sse, sse2, sse3, ssse3, sse4a, sse4.1, sse4.2, popcnt, lzcnt, tsc, tscinvbit, avx, avx2, aes, clmul, bmi1, bmi2, adx, sha, fma, vzeroupper, clflush, clflushopt, rdtscp, rdpid, f16c

Memory: 4k page, system-wide physical 14197M (908M free)
TotalPageFile size 24197M (AvailPageFile size 303M)
current process WorkingSet (physical memory assigned to process): 211M, peak: 212M
current process commit charge ("private bytes"): 261M, peak: 352M

vm_info: Java HotSpot(TM) 64-Bit Server VM (20.0.1+9-29) for windows-amd64 JRE (20.0.1+9-29), built on 2023-03-07T13:56:11Z by "mach5one" with MS VC++ 17.1 (VS2022)

END.
